{"C:\\Users\\user\\Desktop\\WanderDrop\\WanderDrop\\App.js": {"path":"C:\\Users\\user\\Desktop\\WanderDrop\\WanderDrop\\App.js","statementMap":{"0":{"start":{"line":8,"column":4},"end":{"line":14,"column":6}}},"fnMap":{"0":{"name":"App","decl":{"start":{"line":7,"column":24},"end":{"line":7,"column":27}},"loc":{"start":{"line":7,"column":30},"end":{"line":15,"column":1}},"line":7}},"branchMap":{},"s":{"0":0},"f":{"0":0},"b":{}}
,"C:\\Users\\user\\Desktop\\WanderDrop\\WanderDrop\\eventEmitter.js": {"path":"C:\\Users\\user\\Desktop\\WanderDrop\\WanderDrop\\eventEmitter.js","statementMap":{"0":{"start":{"line":4,"column":28},"end":{"line":4,"column":41}}},"fnMap":{},"branchMap":{},"s":{"0":0},"f":{},"b":{}}
,"C:\\Users\\user\\Desktop\\WanderDrop\\WanderDrop\\index.js": {"path":"C:\\Users\\user\\Desktop\\WanderDrop\\WanderDrop\\index.js","statementMap":{"0":{"start":{"line":9,"column":0},"end":{"line":9,"column":27}}},"fnMap":{},"branchMap":{},"s":{"0":0},"f":{},"b":{}}
,"C:\\Users\\user\\Desktop\\WanderDrop\\WanderDrop\\jest.config.js": {"path":"C:\\Users\\user\\Desktop\\WanderDrop\\WanderDrop\\jest.config.js","statementMap":{"0":{"start":{"line":2,"column":0},"end":{"line":67,"column":4}}},"fnMap":{},"branchMap":{},"s":{"0":0},"f":{},"b":{}}
,"C:\\Users\\user\\Desktop\\WanderDrop\\WanderDrop\\WIP\\WIP.jsx": {"path":"C:\\Users\\user\\Desktop\\WanderDrop\\WanderDrop\\WIP\\WIP.jsx","statementMap":{"0":{"start":{"line":4,"column":4},"end":{"line":8,"column":5}},"1":{"start":{"line":11,"column":15},"end":{"line":24,"column":2}}},"fnMap":{"0":{"name":"WIP","decl":{"start":{"line":3,"column":24},"end":{"line":3,"column":27}},"loc":{"start":{"line":3,"column":30},"end":{"line":9,"column":1}},"line":3}},"branchMap":{},"s":{"0":0,"1":0},"f":{"0":0},"b":{}}
,"C:\\Users\\user\\Desktop\\WanderDrop\\WanderDrop\\components\\AddPlace.jsx": {"path":"C:\\Users\\user\\Desktop\\WanderDrop\\WanderDrop\\components\\AddPlace.jsx","statementMap":{"0":{"start":{"line":10,"column":21},"end":{"line":10,"column":44}},"1":{"start":{"line":11,"column":28},"end":{"line":11,"column":40}},"2":{"start":{"line":12,"column":42},"end":{"line":12,"column":54}},"3":{"start":{"line":13,"column":38},"end":{"line":13,"column":52}},"4":{"start":{"line":14,"column":52},"end":{"line":14,"column":66}},"5":{"start":{"line":15,"column":38},"end":{"line":15,"column":52}},"6":{"start":{"line":17,"column":27},"end":{"line":69,"column":5}},"7":{"start":{"line":18,"column":8},"end":{"line":21,"column":9}},"8":{"start":{"line":19,"column":12},"end":{"line":19,"column":57}},"9":{"start":{"line":20,"column":12},"end":{"line":20,"column":19}},"10":{"start":{"line":23,"column":8},"end":{"line":26,"column":9}},"11":{"start":{"line":24,"column":12},"end":{"line":24,"column":62}},"12":{"start":{"line":25,"column":12},"end":{"line":25,"column":19}},"13":{"start":{"line":28,"column":8},"end":{"line":68,"column":9}},"14":{"start":{"line":30,"column":28},"end":{"line":30,"column":54}},"15":{"start":{"line":31,"column":29},"end":{"line":31,"column":50}},"16":{"start":{"line":34,"column":12},"end":{"line":62,"column":13}},"17":{"start":{"line":35,"column":36},"end":{"line":46,"column":18}},"18":{"start":{"line":38,"column":55},"end":{"line":38,"column":72}},"19":{"start":{"line":48,"column":39},"end":{"line":48,"column":98}},"20":{"start":{"line":50,"column":33},"end":{"line":50,"column":48}},"21":{"start":{"line":51,"column":44},"end":{"line":51,"column":70}},"22":{"start":{"line":53,"column":43},"end":{"line":53,"column":97}},"23":{"start":{"line":55,"column":16},"end":{"line":57,"column":19}},"24":{"start":{"line":59,"column":16},"end":{"line":59,"column":67}},"25":{"start":{"line":60,"column":16},"end":{"line":60,"column":54}},"26":{"start":{"line":64,"column":12},"end":{"line":64,"column":32}},"27":{"start":{"line":66,"column":12},"end":{"line":66,"column":57}},"28":{"start":{"line":67,"column":12},"end":{"line":67,"column":81}},"29":{"start":{"line":71,"column":27},"end":{"line":75,"column":5}},"30":{"start":{"line":72,"column":28},"end":{"line":72,"column":42}},"31":{"start":{"line":73,"column":8},"end":{"line":73,"column":34}},"32":{"start":{"line":74,"column":8},"end":{"line":74,"column":34}},"33":{"start":{"line":77,"column":26},"end":{"line":79,"column":5}},"34":{"start":{"line":78,"column":8},"end":{"line":78,"column":41}},"35":{"start":{"line":81,"column":27},"end":{"line":84,"column":5}},"36":{"start":{"line":82,"column":40},"end":{"line":82,"column":68}},"37":{"start":{"line":83,"column":8},"end":{"line":83,"column":53}},"38":{"start":{"line":86,"column":4},"end":{"line":144,"column":6}},"39":{"start":{"line":107,"column":16},"end":{"line":114,"column":18}},"40":{"start":{"line":112,"column":44},"end":{"line":112,"column":71}},"41":{"start":{"line":147,"column":15},"end":{"line":196,"column":2}}},"fnMap":{"0":{"name":"AddPlace","decl":{"start":{"line":9,"column":24},"end":{"line":9,"column":32}},"loc":{"start":{"line":9,"column":49},"end":{"line":145,"column":1}},"line":9},"1":{"name":"(anonymous_1)","decl":{"start":{"line":17,"column":27},"end":{"line":17,"column":28}},"loc":{"start":{"line":17,"column":39},"end":{"line":69,"column":5}},"line":17},"2":{"name":"(anonymous_2)","decl":{"start":{"line":38,"column":48},"end":{"line":38,"column":49}},"loc":{"start":{"line":38,"column":55},"end":{"line":38,"column":72}},"line":38},"3":{"name":"(anonymous_3)","decl":{"start":{"line":71,"column":27},"end":{"line":71,"column":28}},"loc":{"start":{"line":71,"column":44},"end":{"line":75,"column":5}},"line":71},"4":{"name":"(anonymous_4)","decl":{"start":{"line":77,"column":26},"end":{"line":77,"column":27}},"loc":{"start":{"line":77,"column":32},"end":{"line":79,"column":5}},"line":77},"5":{"name":"(anonymous_5)","decl":{"start":{"line":81,"column":27},"end":{"line":81,"column":28}},"loc":{"start":{"line":81,"column":38},"end":{"line":84,"column":5}},"line":81},"6":{"name":"(anonymous_6)","decl":{"start":{"line":106,"column":27},"end":{"line":106,"column":28}},"loc":{"start":{"line":107,"column":16},"end":{"line":114,"column":18}},"line":107},"7":{"name":"(anonymous_7)","decl":{"start":{"line":112,"column":34},"end":{"line":112,"column":35}},"loc":{"start":{"line":112,"column":44},"end":{"line":112,"column":71}},"line":112}},"branchMap":{"0":{"loc":{"start":{"line":18,"column":8},"end":{"line":21,"column":9}},"type":"if","locations":[{"start":{"line":18,"column":8},"end":{"line":21,"column":9}},{"start":{},"end":{}}],"line":18},"1":{"loc":{"start":{"line":23,"column":8},"end":{"line":26,"column":9}},"type":"if","locations":[{"start":{"line":23,"column":8},"end":{"line":26,"column":9}},{"start":{},"end":{}}],"line":23},"2":{"loc":{"start":{"line":34,"column":12},"end":{"line":62,"column":13}},"type":"if","locations":[{"start":{"line":34,"column":12},"end":{"line":62,"column":13}},{"start":{},"end":{}}],"line":34},"3":{"loc":{"start":{"line":51,"column":44},"end":{"line":51,"column":70}},"type":"binary-expr","locations":[{"start":{"line":51,"column":44},"end":{"line":51,"column":64}},{"start":{"line":51,"column":68},"end":{"line":51,"column":70}}],"line":51},"4":{"loc":{"start":{"line":134,"column":21},"end":{"line":136,"column":21}},"type":"binary-expr","locations":[{"start":{"line":134,"column":21},"end":{"line":134,"column":37}},{"start":{"line":135,"column":24},"end":{"line":135,"column":64}}],"line":134}},"s":{"0":0,"1":0,"2":0,"3":0,"4":0,"5":0,"6":0,"7":0,"8":0,"9":0,"10":0,"11":0,"12":0,"13":0,"14":0,"15":0,"16":0,"17":0,"18":0,"19":0,"20":0,"21":0,"22":0,"23":0,"24":0,"25":0,"26":0,"27":0,"28":0,"29":0,"30":0,"31":0,"32":0,"33":0,"34":0,"35":0,"36":0,"37":0,"38":0,"39":0,"40":0,"41":0},"f":{"0":0,"1":0,"2":0,"3":0,"4":0,"5":0,"6":0,"7":0},"b":{"0":[0,0],"1":[0,0],"2":[0,0],"3":[0,0],"4":[0,0]}}
,"C:\\Users\\user\\Desktop\\WanderDrop\\WanderDrop\\components\\AddReviewModal.jsx": {"path":"C:\\Users\\user\\Desktop\\WanderDrop\\WanderDrop\\components\\AddReviewModal.jsx","statementMap":{"0":{"start":{"line":7,"column":28},"end":{"line":7,"column":40}},"1":{"start":{"line":8,"column":32},"end":{"line":8,"column":44}},"2":{"start":{"line":10,"column":25},"end":{"line":30,"column":5}},"3":{"start":{"line":11,"column":8},"end":{"line":11,"column":37}},"4":{"start":{"line":11,"column":30},"end":{"line":11,"column":37}},"5":{"start":{"line":13,"column":23},"end":{"line":18,"column":9}},"6":{"start":{"line":20,"column":8},"end":{"line":29,"column":9}},"7":{"start":{"line":21,"column":31},"end":{"line":21,"column":75}},"8":{"start":{"line":22,"column":12},"end":{"line":22,"column":45}},"9":{"start":{"line":23,"column":12},"end":{"line":23,"column":24}},"10":{"start":{"line":24,"column":12},"end":{"line":24,"column":26}},"11":{"start":{"line":25,"column":12},"end":{"line":25,"column":22}},"12":{"start":{"line":26,"column":12},"end":{"line":26,"column":45}},"13":{"start":{"line":28,"column":12},"end":{"line":28,"column":53}},"14":{"start":{"line":32,"column":4},"end":{"line":62,"column":6}},"15":{"start":{"line":65,"column":15},"end":{"line":103,"column":2}}},"fnMap":{"0":{"name":"AddReviewModal","decl":{"start":{"line":6,"column":24},"end":{"line":6,"column":38}},"loc":{"start":{"line":6,"column":91},"end":{"line":63,"column":1}},"line":6},"1":{"name":"(anonymous_1)","decl":{"start":{"line":10,"column":25},"end":{"line":10,"column":26}},"loc":{"start":{"line":10,"column":37},"end":{"line":30,"column":5}},"line":10}},"branchMap":{"0":{"loc":{"start":{"line":11,"column":8},"end":{"line":11,"column":37}},"type":"if","locations":[{"start":{"line":11,"column":8},"end":{"line":11,"column":37}},{"start":{},"end":{}}],"line":11},"1":{"loc":{"start":{"line":11,"column":12},"end":{"line":11,"column":28}},"type":"binary-expr","locations":[{"start":{"line":11,"column":12},"end":{"line":11,"column":17}},{"start":{"line":11,"column":21},"end":{"line":11,"column":28}}],"line":11},"2":{"loc":{"start":{"line":26,"column":12},"end":{"line":26,"column":44}},"type":"binary-expr","locations":[{"start":{"line":26,"column":12},"end":{"line":26,"column":25}},{"start":{"line":26,"column":29},"end":{"line":26,"column":44}}],"line":26}},"s":{"0":0,"1":0,"2":0,"3":0,"4":0,"5":0,"6":0,"7":0,"8":0,"9":0,"10":0,"11":0,"12":0,"13":0,"14":0,"15":0},"f":{"0":0,"1":0},"b":{"0":[0,0],"1":[0,0],"2":[0,0]}}
,"C:\\Users\\user\\Desktop\\WanderDrop\\WanderDrop\\components\\BottomSheetMarkerAbout.jsx": {"path":"C:\\Users\\user\\Desktop\\WanderDrop\\WanderDrop\\components\\BottomSheetMarkerAbout.jsx","statementMap":{"0":{"start":{"line":10,"column":23},"end":{"line":10,"column":38}},"1":{"start":{"line":11,"column":36},"end":{"line":11,"column":50}},"2":{"start":{"line":12,"column":36},"end":{"line":12,"column":50}},"3":{"start":{"line":13,"column":34},"end":{"line":13,"column":48}},"4":{"start":{"line":15,"column":46},"end":{"line":15,"column":61}},"5":{"start":{"line":16,"column":46},"end":{"line":16,"column":60}},"6":{"start":{"line":18,"column":22},"end":{"line":21,"column":5}},"7":{"start":{"line":19,"column":8},"end":{"line":19,"column":35}},"8":{"start":{"line":20,"column":8},"end":{"line":20,"column":30}},"9":{"start":{"line":22,"column":23},"end":{"line":25,"column":5}},"10":{"start":{"line":23,"column":8},"end":{"line":23,"column":31}},"11":{"start":{"line":24,"column":8},"end":{"line":24,"column":31}},"12":{"start":{"line":27,"column":4},"end":{"line":39,"column":11}},"13":{"start":{"line":28,"column":8},"end":{"line":38,"column":13}},"14":{"start":{"line":29,"column":29},"end":{"line":29,"column":79}},"15":{"start":{"line":30,"column":12},"end":{"line":33,"column":13}},"16":{"start":{"line":31,"column":16},"end":{"line":31,"column":72}},"17":{"start":{"line":32,"column":16},"end":{"line":32,"column":23}},"18":{"start":{"line":35,"column":22},"end":{"line":35,"column":64}},"19":{"start":{"line":36,"column":12},"end":{"line":36,"column":36}},"20":{"start":{"line":37,"column":12},"end":{"line":37,"column":30}},"21":{"start":{"line":41,"column":30},"end":{"line":56,"column":5}},"22":{"start":{"line":42,"column":8},"end":{"line":55,"column":9}},"23":{"start":{"line":43,"column":22},"end":{"line":43,"column":26}},"24":{"start":{"line":44,"column":25},"end":{"line":44,"column":61}},"25":{"start":{"line":45,"column":26},"end":{"line":45,"column":64}},"26":{"start":{"line":47,"column":16},"end":{"line":51,"column":39}},"27":{"start":{"line":52,"column":22},"end":{"line":52,"column":68}},"28":{"start":{"line":53,"column":33},"end":{"line":53,"column":38}},"29":{"start":{"line":54,"column":12},"end":{"line":54,"column":49}},"30":{"start":{"line":58,"column":22},"end":{"line":60,"column":5}},"31":{"start":{"line":59,"column":8},"end":{"line":59,"column":40}},"32":{"start":{"line":62,"column":4},"end":{"line":66,"column":27}},"33":{"start":{"line":63,"column":8},"end":{"line":65,"column":9}},"34":{"start":{"line":64,"column":12},"end":{"line":64,"column":69}},"35":{"start":{"line":68,"column":4},"end":{"line":150,"column":6}},"36":{"start":{"line":97,"column":38},"end":{"line":97,"column":82}},"37":{"start":{"line":118,"column":28},"end":{"line":124,"column":47}},"38":{"start":{"line":118,"column":73},"end":{"line":118,"column":92}},"39":{"start":{"line":153,"column":21},"end":{"line":193,"column":2}},"40":{"start":{"line":195,"column":26},"end":{"line":208,"column":2}},"41":{"start":{"line":210,"column":21},"end":{"line":244,"column":2}}},"fnMap":{"0":{"name":"BottomSheetMarkerAbout","decl":{"start":{"line":9,"column":24},"end":{"line":9,"column":46}},"loc":{"start":{"line":9,"column":59},"end":{"line":151,"column":1}},"line":9},"1":{"name":"(anonymous_1)","decl":{"start":{"line":18,"column":22},"end":{"line":18,"column":23}},"loc":{"start":{"line":18,"column":36},"end":{"line":21,"column":5}},"line":18},"2":{"name":"(anonymous_2)","decl":{"start":{"line":22,"column":23},"end":{"line":22,"column":24}},"loc":{"start":{"line":22,"column":29},"end":{"line":25,"column":5}},"line":22},"3":{"name":"(anonymous_3)","decl":{"start":{"line":27,"column":14},"end":{"line":27,"column":15}},"loc":{"start":{"line":27,"column":20},"end":{"line":39,"column":5}},"line":27},"4":{"name":"(anonymous_4)","decl":{"start":{"line":28,"column":9},"end":{"line":28,"column":10}},"loc":{"start":{"line":28,"column":21},"end":{"line":38,"column":9}},"line":28},"5":{"name":"(anonymous_5)","decl":{"start":{"line":41,"column":30},"end":{"line":41,"column":31}},"loc":{"start":{"line":41,"column":53},"end":{"line":56,"column":5}},"line":41},"6":{"name":"(anonymous_6)","decl":{"start":{"line":58,"column":22},"end":{"line":58,"column":23}},"loc":{"start":{"line":58,"column":34},"end":{"line":60,"column":5}},"line":58},"7":{"name":"(anonymous_7)","decl":{"start":{"line":62,"column":14},"end":{"line":62,"column":15}},"loc":{"start":{"line":62,"column":20},"end":{"line":66,"column":5}},"line":62},"8":{"name":"(anonymous_8)","decl":{"start":{"line":97,"column":33},"end":{"line":97,"column":34}},"loc":{"start":{"line":97,"column":37},"end":{"line":97,"column":83}},"line":97},"9":{"name":"(anonymous_9)","decl":{"start":{"line":117,"column":46},"end":{"line":117,"column":47}},"loc":{"start":{"line":118,"column":28},"end":{"line":124,"column":47}},"line":118},"10":{"name":"(anonymous_10)","decl":{"start":{"line":118,"column":67},"end":{"line":118,"column":68}},"loc":{"start":{"line":118,"column":73},"end":{"line":118,"column":92}},"line":118}},"branchMap":{"0":{"loc":{"start":{"line":30,"column":12},"end":{"line":33,"column":13}},"type":"if","locations":[{"start":{"line":30,"column":12},"end":{"line":33,"column":13}},{"start":{},"end":{}}],"line":30},"1":{"loc":{"start":{"line":42,"column":8},"end":{"line":55,"column":9}},"type":"if","locations":[{"start":{"line":42,"column":8},"end":{"line":55,"column":9}},{"start":{},"end":{}}],"line":42},"2":{"loc":{"start":{"line":42,"column":12},"end":{"line":42,"column":47}},"type":"binary-expr","locations":[{"start":{"line":42,"column":12},"end":{"line":42,"column":27}},{"start":{"line":42,"column":31},"end":{"line":42,"column":47}}],"line":42},"3":{"loc":{"start":{"line":63,"column":8},"end":{"line":65,"column":9}},"type":"if","locations":[{"start":{"line":63,"column":8},"end":{"line":65,"column":9}},{"start":{},"end":{}}],"line":63},"4":{"loc":{"start":{"line":74,"column":27},"end":{"line":74,"column":89}},"type":"cond-expr","locations":[{"start":{"line":74,"column":45},"end":{"line":74,"column":68}},{"start":{"line":74,"column":71},"end":{"line":74,"column":89}}],"line":74},"5":{"loc":{"start":{"line":82,"column":35},"end":{"line":82,"column":143}},"type":"cond-expr","locations":[{"start":{"line":82,"column":45},"end":{"line":82,"column":92}},{"start":{"line":82,"column":96},"end":{"line":82,"column":142}}],"line":82},"6":{"loc":{"start":{"line":82,"column":96},"end":{"line":82,"column":142}},"type":"cond-expr","locations":[{"start":{"line":82,"column":107},"end":{"line":82,"column":123}},{"start":{"line":82,"column":126},"end":{"line":82,"column":142}}],"line":82},"7":{"loc":{"start":{"line":113,"column":13},"end":{"line":128,"column":13}},"type":"binary-expr","locations":[{"start":{"line":113,"column":13},"end":{"line":113,"column":29}},{"start":{"line":113,"column":33},"end":{"line":113,"column":60}},{"start":{"line":114,"column":16},"end":{"line":127,"column":23}}],"line":113},"8":{"loc":{"start":{"line":131,"column":13},"end":{"line":145,"column":13}},"type":"binary-expr","locations":[{"start":{"line":131,"column":13},"end":{"line":131,"column":26}},{"start":{"line":132,"column":16},"end":{"line":144,"column":24}}],"line":131}},"s":{"0":0,"1":0,"2":0,"3":0,"4":0,"5":0,"6":0,"7":0,"8":0,"9":0,"10":0,"11":0,"12":0,"13":0,"14":0,"15":0,"16":0,"17":0,"18":0,"19":0,"20":0,"21":0,"22":0,"23":0,"24":0,"25":0,"26":0,"27":0,"28":0,"29":0,"30":0,"31":0,"32":0,"33":0,"34":0,"35":0,"36":0,"37":0,"38":0,"39":0,"40":0,"41":0},"f":{"0":0,"1":0,"2":0,"3":0,"4":0,"5":0,"6":0,"7":0,"8":0,"9":0,"10":0},"b":{"0":[0,0],"1":[0,0],"2":[0,0],"3":[0,0],"4":[0,0],"5":[0,0],"6":[0,0],"7":[0,0,0],"8":[0,0]}}
,"C:\\Users\\user\\Desktop\\WanderDrop\\WanderDrop\\components\\BottomSheetMarkerInfo.jsx": {"path":"C:\\Users\\user\\Desktop\\WanderDrop\\WanderDrop\\components\\BottomSheetMarkerInfo.jsx","statementMap":{"0":{"start":{"line":6,"column":4},"end":{"line":6,"column":29}},"1":{"start":{"line":6,"column":17},"end":{"line":6,"column":29}},"2":{"start":{"line":8,"column":4},"end":{"line":12,"column":6}},"3":{"start":{"line":15,"column":15},"end":{"line":19,"column":2}}},"fnMap":{"0":{"name":"BottomSheetMarkerInfo","decl":{"start":{"line":5,"column":24},"end":{"line":5,"column":45}},"loc":{"start":{"line":5,"column":58},"end":{"line":13,"column":1}},"line":5}},"branchMap":{"0":{"loc":{"start":{"line":6,"column":4},"end":{"line":6,"column":29}},"type":"if","locations":[{"start":{"line":6,"column":4},"end":{"line":6,"column":29}},{"start":{},"end":{}}],"line":6}},"s":{"0":0,"1":0,"2":0,"3":0},"f":{"0":0},"b":{"0":[0,0]}}
,"C:\\Users\\user\\Desktop\\WanderDrop\\WanderDrop\\components\\BottomSheetMarkerReviews.jsx": {"path":"C:\\Users\\user\\Desktop\\WanderDrop\\WanderDrop\\components\\BottomSheetMarkerReviews.jsx","statementMap":{"0":{"start":{"line":9,"column":34},"end":{"line":9,"column":52}},"1":{"start":{"line":10,"column":34},"end":{"line":10,"column":54}},"2":{"start":{"line":12,"column":4},"end":{"line":27,"column":20}},"3":{"start":{"line":13,"column":29},"end":{"line":22,"column":9}},"4":{"start":{"line":14,"column":12},"end":{"line":21,"column":13}},"5":{"start":{"line":15,"column":36},"end":{"line":15,"column":67}},"6":{"start":{"line":16,"column":16},"end":{"line":16,"column":34}},"7":{"start":{"line":17,"column":16},"end":{"line":17,"column":40}},"8":{"start":{"line":19,"column":16},"end":{"line":19,"column":64}},"9":{"start":{"line":20,"column":16},"end":{"line":20,"column":33}},"10":{"start":{"line":24,"column":8},"end":{"line":26,"column":9}},"11":{"start":{"line":25,"column":12},"end":{"line":25,"column":27}},"12":{"start":{"line":30,"column":4},"end":{"line":36,"column":5}},"13":{"start":{"line":31,"column":8},"end":{"line":35,"column":10}},"14":{"start":{"line":38,"column":4},"end":{"line":46,"column":6}},"15":{"start":{"line":41,"column":16},"end":{"line":43,"column":43}},"16":{"start":{"line":49,"column":15},"end":{"line":56,"column":2}}},"fnMap":{"0":{"name":"BottomSheetMarkerReviews","decl":{"start":{"line":8,"column":24},"end":{"line":8,"column":48}},"loc":{"start":{"line":8,"column":78},"end":{"line":47,"column":1}},"line":8},"1":{"name":"(anonymous_1)","decl":{"start":{"line":12,"column":14},"end":{"line":12,"column":15}},"loc":{"start":{"line":12,"column":20},"end":{"line":27,"column":5}},"line":12},"2":{"name":"(anonymous_2)","decl":{"start":{"line":13,"column":29},"end":{"line":13,"column":30}},"loc":{"start":{"line":13,"column":41},"end":{"line":22,"column":9}},"line":13},"3":{"name":"(anonymous_3)","decl":{"start":{"line":40,"column":25},"end":{"line":40,"column":26}},"loc":{"start":{"line":41,"column":16},"end":{"line":43,"column":43}},"line":41}},"branchMap":{"0":{"loc":{"start":{"line":24,"column":8},"end":{"line":26,"column":9}},"type":"if","locations":[{"start":{"line":24,"column":8},"end":{"line":26,"column":9}},{"start":{},"end":{}}],"line":24},"1":{"loc":{"start":{"line":30,"column":4},"end":{"line":36,"column":5}},"type":"if","locations":[{"start":{"line":30,"column":4},"end":{"line":36,"column":5}},{"start":{},"end":{}}],"line":30}},"s":{"0":0,"1":0,"2":0,"3":0,"4":0,"5":0,"6":0,"7":0,"8":0,"9":0,"10":0,"11":0,"12":0,"13":0,"14":0,"15":0,"16":0},"f":{"0":0,"1":0,"2":0,"3":0},"b":{"0":[0,0],"1":[0,0]}}
,"C:\\Users\\user\\Desktop\\WanderDrop\\WanderDrop\\components\\Contribute.jsx": {"path":"C:\\Users\\user\\Desktop\\WanderDrop\\WanderDrop\\components\\Contribute.jsx","statementMap":{"0":{"start":{"line":9,"column":36},"end":{"line":9,"column":50}},"1":{"start":{"line":10,"column":36},"end":{"line":10,"column":50}},"2":{"start":{"line":11,"column":34},"end":{"line":11,"column":48}},"3":{"start":{"line":13,"column":23},"end":{"line":13,"column":38}},"4":{"start":{"line":15,"column":4},"end":{"line":27,"column":11}},"5":{"start":{"line":16,"column":8},"end":{"line":26,"column":13}},"6":{"start":{"line":17,"column":29},"end":{"line":17,"column":79}},"7":{"start":{"line":18,"column":12},"end":{"line":21,"column":13}},"8":{"start":{"line":19,"column":16},"end":{"line":19,"column":72}},"9":{"start":{"line":20,"column":16},"end":{"line":20,"column":23}},"10":{"start":{"line":23,"column":22},"end":{"line":23,"column":64}},"11":{"start":{"line":24,"column":12},"end":{"line":24,"column":36}},"12":{"start":{"line":25,"column":12},"end":{"line":25,"column":30}},"13":{"start":{"line":29,"column":30},"end":{"line":44,"column":5}},"14":{"start":{"line":30,"column":8},"end":{"line":43,"column":9}},"15":{"start":{"line":31,"column":22},"end":{"line":31,"column":26}},"16":{"start":{"line":32,"column":25},"end":{"line":32,"column":65}},"17":{"start":{"line":33,"column":26},"end":{"line":33,"column":68}},"18":{"start":{"line":35,"column":16},"end":{"line":39,"column":39}},"19":{"start":{"line":40,"column":22},"end":{"line":40,"column":68}},"20":{"start":{"line":41,"column":33},"end":{"line":41,"column":38}},"21":{"start":{"line":42,"column":12},"end":{"line":42,"column":49}},"22":{"start":{"line":47,"column":22},"end":{"line":49,"column":5}},"23":{"start":{"line":48,"column":8},"end":{"line":48,"column":40}},"24":{"start":{"line":51,"column":4},"end":{"line":55,"column":31}},"25":{"start":{"line":52,"column":8},"end":{"line":54,"column":9}},"26":{"start":{"line":53,"column":12},"end":{"line":53,"column":69}},"27":{"start":{"line":57,"column":4},"end":{"line":79,"column":6}},"28":{"start":{"line":58,"column":65},"end":{"line":58,"column":121}},"29":{"start":{"line":82,"column":15},"end":{"line":109,"column":2}}},"fnMap":{"0":{"name":"Contribute","decl":{"start":{"line":8,"column":24},"end":{"line":8,"column":34}},"loc":{"start":{"line":8,"column":49},"end":{"line":80,"column":1}},"line":8},"1":{"name":"(anonymous_1)","decl":{"start":{"line":15,"column":14},"end":{"line":15,"column":15}},"loc":{"start":{"line":15,"column":20},"end":{"line":27,"column":5}},"line":15},"2":{"name":"(anonymous_2)","decl":{"start":{"line":16,"column":9},"end":{"line":16,"column":10}},"loc":{"start":{"line":16,"column":21},"end":{"line":26,"column":9}},"line":16},"3":{"name":"(anonymous_3)","decl":{"start":{"line":29,"column":30},"end":{"line":29,"column":31}},"loc":{"start":{"line":29,"column":53},"end":{"line":44,"column":5}},"line":29},"4":{"name":"(anonymous_4)","decl":{"start":{"line":47,"column":22},"end":{"line":47,"column":23}},"loc":{"start":{"line":47,"column":34},"end":{"line":49,"column":5}},"line":47},"5":{"name":"(anonymous_5)","decl":{"start":{"line":51,"column":14},"end":{"line":51,"column":15}},"loc":{"start":{"line":51,"column":20},"end":{"line":55,"column":5}},"line":51},"6":{"name":"(anonymous_6)","decl":{"start":{"line":58,"column":60},"end":{"line":58,"column":61}},"loc":{"start":{"line":58,"column":64},"end":{"line":58,"column":122}},"line":58},"7":{"name":"(anonymous_7)","decl":{"start":{"line":74,"column":30},"end":{"line":74,"column":31}},"loc":{"start":{"line":74,"column":34},"end":{"line":74,"column":36}},"line":74}},"branchMap":{"0":{"loc":{"start":{"line":18,"column":12},"end":{"line":21,"column":13}},"type":"if","locations":[{"start":{"line":18,"column":12},"end":{"line":21,"column":13}},{"start":{},"end":{}}],"line":18},"1":{"loc":{"start":{"line":30,"column":8},"end":{"line":43,"column":9}},"type":"if","locations":[{"start":{"line":30,"column":8},"end":{"line":43,"column":9}},{"start":{},"end":{}}],"line":30},"2":{"loc":{"start":{"line":30,"column":12},"end":{"line":30,"column":55}},"type":"binary-expr","locations":[{"start":{"line":30,"column":12},"end":{"line":30,"column":31}},{"start":{"line":30,"column":35},"end":{"line":30,"column":55}}],"line":30},"3":{"loc":{"start":{"line":52,"column":8},"end":{"line":54,"column":9}},"type":"if","locations":[{"start":{"line":52,"column":8},"end":{"line":54,"column":9}},{"start":{},"end":{}}],"line":52}},"s":{"0":0,"1":0,"2":0,"3":0,"4":0,"5":0,"6":0,"7":0,"8":0,"9":0,"10":0,"11":0,"12":0,"13":0,"14":0,"15":0,"16":0,"17":0,"18":0,"19":0,"20":0,"21":0,"22":0,"23":0,"24":0,"25":0,"26":0,"27":0,"28":0,"29":0},"f":{"0":0,"1":0,"2":0,"3":0,"4":0,"5":0,"6":0,"7":0},"b":{"0":[0,0],"1":[0,0],"2":[0,0],"3":[0,0]}}
,"C:\\Users\\user\\Desktop\\WanderDrop\\WanderDrop\\components\\Contributes.jsx": {"path":"C:\\Users\\user\\Desktop\\WanderDrop\\WanderDrop\\components\\Contributes.jsx","statementMap":{"0":{"start":{"line":9,"column":42},"end":{"line":9,"column":60}},"1":{"start":{"line":10,"column":34},"end":{"line":10,"column":54}},"2":{"start":{"line":12,"column":4},"end":{"line":25,"column":19}},"3":{"start":{"line":13,"column":8},"end":{"line":13,"column":64}},"4":{"start":{"line":15,"column":33},"end":{"line":19,"column":9}},"5":{"start":{"line":16,"column":36},"end":{"line":16,"column":72}},"6":{"start":{"line":17,"column":12},"end":{"line":17,"column":44}},"7":{"start":{"line":18,"column":12},"end":{"line":18,"column":30}},"8":{"start":{"line":21,"column":8},"end":{"line":23,"column":9}},"9":{"start":{"line":22,"column":12},"end":{"line":22,"column":31}},"10":{"start":{"line":27,"column":4},"end":{"line":33,"column":5}},"11":{"start":{"line":28,"column":8},"end":{"line":32,"column":10}},"12":{"start":{"line":35,"column":4},"end":{"line":41,"column":6}},"13":{"start":{"line":38,"column":16},"end":{"line":38,"column":66}},"14":{"start":{"line":44,"column":15},"end":{"line":48,"column":2}}},"fnMap":{"0":{"name":"Contributes","decl":{"start":{"line":8,"column":24},"end":{"line":8,"column":35}},"loc":{"start":{"line":8,"column":48},"end":{"line":42,"column":1}},"line":8},"1":{"name":"(anonymous_1)","decl":{"start":{"line":12,"column":14},"end":{"line":12,"column":15}},"loc":{"start":{"line":12,"column":20},"end":{"line":25,"column":5}},"line":12},"2":{"name":"(anonymous_2)","decl":{"start":{"line":15,"column":33},"end":{"line":15,"column":34}},"loc":{"start":{"line":15,"column":44},"end":{"line":19,"column":9}},"line":15},"3":{"name":"(anonymous_3)","decl":{"start":{"line":37,"column":29},"end":{"line":37,"column":30}},"loc":{"start":{"line":38,"column":16},"end":{"line":38,"column":66}},"line":38}},"branchMap":{"0":{"loc":{"start":{"line":21,"column":8},"end":{"line":23,"column":9}},"type":"if","locations":[{"start":{"line":21,"column":8},"end":{"line":23,"column":9}},{"start":{},"end":{}}],"line":21},"1":{"loc":{"start":{"line":27,"column":4},"end":{"line":33,"column":5}},"type":"if","locations":[{"start":{"line":27,"column":4},"end":{"line":33,"column":5}},{"start":{},"end":{}}],"line":27}},"s":{"0":0,"1":0,"2":0,"3":0,"4":0,"5":0,"6":0,"7":0,"8":0,"9":0,"10":0,"11":0,"12":0,"13":0,"14":0},"f":{"0":0,"1":0,"2":0,"3":0},"b":{"0":[0,0],"1":[0,0]}}
,"C:\\Users\\user\\Desktop\\WanderDrop\\WanderDrop\\components\\FoundPlace.jsx": {"path":"C:\\Users\\user\\Desktop\\WanderDrop\\WanderDrop\\components\\FoundPlace.jsx","statementMap":{"0":{"start":{"line":7,"column":36},"end":{"line":7,"column":56}},"1":{"start":{"line":8,"column":36},"end":{"line":8,"column":56}},"2":{"start":{"line":9,"column":34},"end":{"line":9,"column":54}},"3":{"start":{"line":11,"column":4},"end":{"line":23,"column":11}},"4":{"start":{"line":12,"column":8},"end":{"line":22,"column":13}},"5":{"start":{"line":13,"column":29},"end":{"line":13,"column":79}},"6":{"start":{"line":14,"column":12},"end":{"line":17,"column":13}},"7":{"start":{"line":15,"column":16},"end":{"line":15,"column":72}},"8":{"start":{"line":16,"column":16},"end":{"line":16,"column":23}},"9":{"start":{"line":19,"column":22},"end":{"line":19,"column":64}},"10":{"start":{"line":20,"column":12},"end":{"line":20,"column":36}},"11":{"start":{"line":21,"column":12},"end":{"line":21,"column":30}},"12":{"start":{"line":25,"column":4},"end":{"line":27,"column":5}},"13":{"start":{"line":26,"column":8},"end":{"line":26,"column":15}},"14":{"start":{"line":29,"column":4},"end":{"line":33,"column":19}},"15":{"start":{"line":30,"column":8},"end":{"line":32,"column":9}},"16":{"start":{"line":31,"column":12},"end":{"line":31,"column":69}},"17":{"start":{"line":35,"column":30},"end":{"line":50,"column":5}},"18":{"start":{"line":36,"column":8},"end":{"line":49,"column":9}},"19":{"start":{"line":37,"column":22},"end":{"line":37,"column":26}},"20":{"start":{"line":38,"column":25},"end":{"line":38,"column":61}},"21":{"start":{"line":39,"column":26},"end":{"line":39,"column":64}},"22":{"start":{"line":41,"column":16},"end":{"line":45,"column":39}},"23":{"start":{"line":46,"column":22},"end":{"line":46,"column":68}},"24":{"start":{"line":47,"column":33},"end":{"line":47,"column":38}},"25":{"start":{"line":48,"column":12},"end":{"line":48,"column":49}},"26":{"start":{"line":52,"column":22},"end":{"line":54,"column":5}},"27":{"start":{"line":53,"column":8},"end":{"line":53,"column":40}},"28":{"start":{"line":56,"column":4},"end":{"line":80,"column":5}},"29":{"start":{"line":57,"column":68},"end":{"line":57,"column":113}},"30":{"start":{"line":83,"column":15},"end":{"line":114,"column":2}}},"fnMap":{"0":{"name":"FoundPlace","decl":{"start":{"line":6,"column":24},"end":{"line":6,"column":34}},"loc":{"start":{"line":6,"column":57},"end":{"line":81,"column":1}},"line":6},"1":{"name":"(anonymous_1)","decl":{"start":{"line":11,"column":14},"end":{"line":11,"column":15}},"loc":{"start":{"line":11,"column":20},"end":{"line":23,"column":5}},"line":11},"2":{"name":"(anonymous_2)","decl":{"start":{"line":12,"column":9},"end":{"line":12,"column":10}},"loc":{"start":{"line":12,"column":21},"end":{"line":22,"column":9}},"line":12},"3":{"name":"(anonymous_3)","decl":{"start":{"line":29,"column":14},"end":{"line":29,"column":15}},"loc":{"start":{"line":29,"column":20},"end":{"line":33,"column":5}},"line":29},"4":{"name":"(anonymous_4)","decl":{"start":{"line":35,"column":30},"end":{"line":35,"column":31}},"loc":{"start":{"line":35,"column":53},"end":{"line":50,"column":5}},"line":35},"5":{"name":"(anonymous_5)","decl":{"start":{"line":52,"column":22},"end":{"line":52,"column":23}},"loc":{"start":{"line":52,"column":34},"end":{"line":54,"column":5}},"line":52},"6":{"name":"(anonymous_6)","decl":{"start":{"line":57,"column":62},"end":{"line":57,"column":63}},"loc":{"start":{"line":57,"column":68},"end":{"line":57,"column":113}},"line":57}},"branchMap":{"0":{"loc":{"start":{"line":14,"column":12},"end":{"line":17,"column":13}},"type":"if","locations":[{"start":{"line":14,"column":12},"end":{"line":17,"column":13}},{"start":{},"end":{}}],"line":14},"1":{"loc":{"start":{"line":25,"column":4},"end":{"line":27,"column":5}},"type":"if","locations":[{"start":{"line":25,"column":4},"end":{"line":27,"column":5}},{"start":{},"end":{}}],"line":25},"2":{"loc":{"start":{"line":25,"column":7},"end":{"line":25,"column":28}},"type":"binary-expr","locations":[{"start":{"line":25,"column":7},"end":{"line":25,"column":15}},{"start":{"line":25,"column":19},"end":{"line":25,"column":28}}],"line":25},"3":{"loc":{"start":{"line":30,"column":8},"end":{"line":32,"column":9}},"type":"if","locations":[{"start":{"line":30,"column":8},"end":{"line":32,"column":9}},{"start":{},"end":{}}],"line":30},"4":{"loc":{"start":{"line":36,"column":8},"end":{"line":49,"column":9}},"type":"if","locations":[{"start":{"line":36,"column":8},"end":{"line":49,"column":9}},{"start":{},"end":{}}],"line":36},"5":{"loc":{"start":{"line":36,"column":12},"end":{"line":36,"column":47}},"type":"binary-expr","locations":[{"start":{"line":36,"column":12},"end":{"line":36,"column":27}},{"start":{"line":36,"column":31},"end":{"line":36,"column":47}}],"line":36}},"s":{"0":0,"1":0,"2":0,"3":0,"4":0,"5":0,"6":0,"7":0,"8":0,"9":0,"10":0,"11":0,"12":0,"13":0,"14":0,"15":0,"16":0,"17":0,"18":0,"19":0,"20":0,"21":0,"22":0,"23":0,"24":0,"25":0,"26":0,"27":0,"28":0,"29":0,"30":0},"f":{"0":0,"1":0,"2":0,"3":0,"4":0,"5":0,"6":0},"b":{"0":[0,0],"1":[0,0],"2":[0,0],"3":[0,0],"4":[0,0],"5":[0,0]}}
,"C:\\Users\\user\\Desktop\\WanderDrop\\WanderDrop\\components\\LocationPicker.jsx": {"path":"C:\\Users\\user\\Desktop\\WanderDrop\\WanderDrop\\components\\LocationPicker.jsx","statementMap":{"0":{"start":{"line":6,"column":48},"end":{"line":6,"column":62}},"1":{"start":{"line":8,"column":33},"end":{"line":11,"column":5}},"2":{"start":{"line":9,"column":40},"end":{"line":9,"column":68}},"3":{"start":{"line":10,"column":8},"end":{"line":10,"column":51}},"4":{"start":{"line":13,"column":28},"end":{"line":20,"column":5}},"5":{"start":{"line":14,"column":8},"end":{"line":19,"column":9}},"6":{"start":{"line":15,"column":12},"end":{"line":18,"column":15}},"7":{"start":{"line":22,"column":4},"end":{"line":43,"column":6}},"8":{"start":{"line":46,"column":15},"end":{"line":67,"column":2}}},"fnMap":{"0":{"name":"LocationPicker","decl":{"start":{"line":5,"column":24},"end":{"line":5,"column":38}},"loc":{"start":{"line":5,"column":62},"end":{"line":44,"column":1}},"line":5},"1":{"name":"(anonymous_1)","decl":{"start":{"line":8,"column":33},"end":{"line":8,"column":34}},"loc":{"start":{"line":8,"column":44},"end":{"line":11,"column":5}},"line":8},"2":{"name":"(anonymous_2)","decl":{"start":{"line":13,"column":28},"end":{"line":13,"column":29}},"loc":{"start":{"line":13,"column":34},"end":{"line":20,"column":5}},"line":13}},"branchMap":{"0":{"loc":{"start":{"line":14,"column":8},"end":{"line":19,"column":9}},"type":"if","locations":[{"start":{"line":14,"column":8},"end":{"line":19,"column":9}},{"start":{},"end":{}}],"line":14},"1":{"loc":{"start":{"line":34,"column":17},"end":{"line":36,"column":17}},"type":"binary-expr","locations":[{"start":{"line":34,"column":17},"end":{"line":34,"column":31}},{"start":{"line":35,"column":20},"end":{"line":35,"column":58}}],"line":34}},"s":{"0":0,"1":0,"2":0,"3":0,"4":0,"5":0,"6":0,"7":0,"8":0},"f":{"0":0,"1":0,"2":0},"b":{"0":[0,0],"1":[0,0]}}
,"C:\\Users\\user\\Desktop\\WanderDrop\\WanderDrop\\components\\LoginRegister.jsx": {"path":"C:\\Users\\user\\Desktop\\WanderDrop\\WanderDrop\\components\\LoginRegister.jsx","statementMap":{"0":{"start":{"line":7,"column":34},"end":{"line":7,"column":48}},"1":{"start":{"line":8,"column":30},"end":{"line":8,"column":42}},"2":{"start":{"line":9,"column":36},"end":{"line":9,"column":48}},"3":{"start":{"line":10,"column":50},"end":{"line":10,"column":62}},"4":{"start":{"line":11,"column":28},"end":{"line":11,"column":40}},"5":{"start":{"line":13,"column":25},"end":{"line":28,"column":5}},"6":{"start":{"line":14,"column":8},"end":{"line":27,"column":9}},"7":{"start":{"line":15,"column":12},"end":{"line":15,"column":37}},"8":{"start":{"line":17,"column":12},"end":{"line":20,"column":13}},"9":{"start":{"line":18,"column":16},"end":{"line":18,"column":48}},"10":{"start":{"line":19,"column":16},"end":{"line":19,"column":23}},"11":{"start":{"line":22,"column":12},"end":{"line":25,"column":13}},"12":{"start":{"line":23,"column":16},"end":{"line":23,"column":45}},"13":{"start":{"line":24,"column":16},"end":{"line":24,"column":23}},"14":{"start":{"line":26,"column":12},"end":{"line":26,"column":46}},"15":{"start":{"line":31,"column":4},"end":{"line":94,"column":5}},"16":{"start":{"line":80,"column":45},"end":{"line":80,"column":65}},"17":{"start":{"line":98,"column":15},"end":{"line":162,"column":2}}},"fnMap":{"0":{"name":"LoginRegister","decl":{"start":{"line":6,"column":24},"end":{"line":6,"column":37}},"loc":{"start":{"line":6,"column":61},"end":{"line":96,"column":1}},"line":6},"1":{"name":"(anonymous_1)","decl":{"start":{"line":13,"column":25},"end":{"line":13,"column":26}},"loc":{"start":{"line":13,"column":31},"end":{"line":28,"column":5}},"line":13},"2":{"name":"(anonymous_2)","decl":{"start":{"line":80,"column":39},"end":{"line":80,"column":40}},"loc":{"start":{"line":80,"column":45},"end":{"line":80,"column":65}},"line":80}},"branchMap":{"0":{"loc":{"start":{"line":14,"column":8},"end":{"line":27,"column":9}},"type":"if","locations":[{"start":{"line":14,"column":8},"end":{"line":27,"column":9}},{"start":{"line":16,"column":15},"end":{"line":27,"column":9}}],"line":14},"1":{"loc":{"start":{"line":17,"column":12},"end":{"line":20,"column":13}},"type":"if","locations":[{"start":{"line":17,"column":12},"end":{"line":20,"column":13}},{"start":{},"end":{}}],"line":17},"2":{"loc":{"start":{"line":22,"column":12},"end":{"line":25,"column":13}},"type":"if","locations":[{"start":{"line":22,"column":12},"end":{"line":25,"column":13}},{"start":{},"end":{}}],"line":22},"3":{"loc":{"start":{"line":33,"column":40},"end":{"line":33,"column":77}},"type":"cond-expr","locations":[{"start":{"line":33,"column":48},"end":{"line":33,"column":60}},{"start":{"line":33,"column":61},"end":{"line":33,"column":77}}],"line":33},"4":{"loc":{"start":{"line":44,"column":13},"end":{"line":53,"column":13}},"type":"binary-expr","locations":[{"start":{"line":44,"column":13},"end":{"line":44,"column":21}},{"start":{"line":45,"column":16},"end":{"line":52,"column":18}}],"line":44},"5":{"loc":{"start":{"line":65,"column":13},"end":{"line":74,"column":13}},"type":"binary-expr","locations":[{"start":{"line":65,"column":13},"end":{"line":65,"column":21}},{"start":{"line":66,"column":16},"end":{"line":73,"column":18}}],"line":65},"6":{"loc":{"start":{"line":77,"column":49},"end":{"line":77,"column":79}},"type":"cond-expr","locations":[{"start":{"line":77,"column":59},"end":{"line":77,"column":66}},{"start":{"line":77,"column":69},"end":{"line":77,"column":79}}],"line":77},"7":{"loc":{"start":{"line":82,"column":21},"end":{"line":82,"column":99}},"type":"cond-expr","locations":[{"start":{"line":82,"column":31},"end":{"line":82,"column":64}},{"start":{"line":82,"column":67},"end":{"line":82,"column":99}}],"line":82}},"s":{"0":0,"1":0,"2":0,"3":0,"4":0,"5":0,"6":0,"7":0,"8":0,"9":0,"10":0,"11":0,"12":0,"13":0,"14":0,"15":0,"16":0,"17":0},"f":{"0":0,"1":0,"2":0},"b":{"0":[0,0],"1":[0,0],"2":[0,0],"3":[0,0],"4":[0,0],"5":[0,0],"6":[0,0],"7":[0,0]}}
,"C:\\Users\\user\\Desktop\\WanderDrop\\WanderDrop\\components\\OpenMapButton.jsx": {"path":"C:\\Users\\user\\Desktop\\WanderDrop\\WanderDrop\\components\\OpenMapButton.jsx","statementMap":{"0":{"start":{"line":6,"column":25},"end":{"line":9,"column":3}},"1":{"start":{"line":7,"column":16},"end":{"line":7,"column":72}},"2":{"start":{"line":8,"column":4},"end":{"line":8,"column":79}},"3":{"start":{"line":8,"column":38},"end":{"line":8,"column":77}},"4":{"start":{"line":13,"column":22},"end":{"line":13,"column":45}},"5":{"start":{"line":15,"column":4},"end":{"line":28,"column":6}},"6":{"start":{"line":21,"column":27},"end":{"line":21,"column":64}},"7":{"start":{"line":31,"column":15},"end":{"line":61,"column":4}}},"fnMap":{"0":{"name":"(anonymous_0)","decl":{"start":{"line":6,"column":25},"end":{"line":6,"column":26}},"loc":{"start":{"line":6,"column":50},"end":{"line":9,"column":3}},"line":6},"1":{"name":"(anonymous_1)","decl":{"start":{"line":8,"column":31},"end":{"line":8,"column":32}},"loc":{"start":{"line":8,"column":38},"end":{"line":8,"column":77}},"line":8},"2":{"name":"OpenMapButton","decl":{"start":{"line":12,"column":26},"end":{"line":12,"column":39}},"loc":{"start":{"line":12,"column":65},"end":{"line":29,"column":3}},"line":12},"3":{"name":"(anonymous_3)","decl":{"start":{"line":21,"column":21},"end":{"line":21,"column":22}},"loc":{"start":{"line":21,"column":27},"end":{"line":21,"column":64}},"line":21}},"branchMap":{"0":{"loc":{"start":{"line":13,"column":22},"end":{"line":13,"column":45}},"type":"binary-expr","locations":[{"start":{"line":13,"column":22},"end":{"line":13,"column":31}},{"start":{"line":13,"column":35},"end":{"line":13,"column":45}}],"line":13},"1":{"loc":{"start":{"line":17,"column":9},"end":{"line":26,"column":9}},"type":"cond-expr","locations":[{"start":{"line":18,"column":10},"end":{"line":18,"column":60}},{"start":{"line":20,"column":10},"end":{"line":25,"column":29}}],"line":17}},"s":{"0":0,"1":0,"2":0,"3":0,"4":0,"5":0,"6":0,"7":0},"f":{"0":0,"1":0,"2":0,"3":0},"b":{"0":[0,0],"1":[0,0]}}
,"C:\\Users\\user\\Desktop\\WanderDrop\\WanderDrop\\components\\Review.jsx": {"path":"C:\\Users\\user\\Desktop\\WanderDrop\\WanderDrop\\components\\Review.jsx","statementMap":{"0":{"start":{"line":9,"column":28},"end":{"line":9,"column":48}},"1":{"start":{"line":10,"column":34},"end":{"line":10,"column":54}},"2":{"start":{"line":12,"column":4},"end":{"line":29,"column":18}},"3":{"start":{"line":13,"column":28},"end":{"line":24,"column":9}},"4":{"start":{"line":14,"column":12},"end":{"line":23,"column":13}},"5":{"start":{"line":15,"column":16},"end":{"line":15,"column":51}},"6":{"start":{"line":17,"column":26},"end":{"line":17,"column":53}},"7":{"start":{"line":18,"column":16},"end":{"line":18,"column":27}},"8":{"start":{"line":19,"column":16},"end":{"line":19,"column":34}},"9":{"start":{"line":21,"column":16},"end":{"line":21,"column":37}},"10":{"start":{"line":22,"column":16},"end":{"line":22,"column":33}},"11":{"start":{"line":26,"column":8},"end":{"line":28,"column":9}},"12":{"start":{"line":27,"column":12},"end":{"line":27,"column":26}},"13":{"start":{"line":31,"column":4},"end":{"line":37,"column":5}},"14":{"start":{"line":32,"column":8},"end":{"line":36,"column":10}},"15":{"start":{"line":39,"column":4},"end":{"line":39,"column":22}},"16":{"start":{"line":40,"column":4},"end":{"line":40,"column":22}},"17":{"start":{"line":42,"column":22},"end":{"line":42,"column":143}},"18":{"start":{"line":44,"column":4},"end":{"line":86,"column":6}},"19":{"start":{"line":90,"column":15},"end":{"line":128,"column":2}}},"fnMap":{"0":{"name":"Review","decl":{"start":{"line":7,"column":24},"end":{"line":7,"column":30}},"loc":{"start":{"line":7,"column":56},"end":{"line":87,"column":1}},"line":7},"1":{"name":"(anonymous_1)","decl":{"start":{"line":12,"column":14},"end":{"line":12,"column":15}},"loc":{"start":{"line":12,"column":20},"end":{"line":29,"column":5}},"line":12},"2":{"name":"(anonymous_2)","decl":{"start":{"line":13,"column":28},"end":{"line":13,"column":29}},"loc":{"start":{"line":13,"column":40},"end":{"line":24,"column":9}},"line":13},"3":{"name":"(anonymous_3)","decl":{"start":{"line":70,"column":30},"end":{"line":70,"column":31}},"loc":{"start":{"line":70,"column":34},"end":{"line":70,"column":36}},"line":70}},"branchMap":{"0":{"loc":{"start":{"line":26,"column":8},"end":{"line":28,"column":9}},"type":"if","locations":[{"start":{"line":26,"column":8},"end":{"line":28,"column":9}},{"start":{},"end":{}}],"line":26},"1":{"loc":{"start":{"line":31,"column":4},"end":{"line":37,"column":5}},"type":"if","locations":[{"start":{"line":31,"column":4},"end":{"line":37,"column":5}},{"start":{},"end":{}}],"line":31}},"s":{"0":0,"1":0,"2":0,"3":0,"4":0,"5":0,"6":0,"7":0,"8":0,"9":0,"10":0,"11":0,"12":0,"13":0,"14":0,"15":0,"16":0,"17":0,"18":0,"19":0},"f":{"0":0,"1":0,"2":0,"3":0},"b":{"0":[0,0],"1":[0,0]}}
,"C:\\Users\\user\\Desktop\\WanderDrop\\WanderDrop\\components\\Saved.jsx": {"path":"C:\\Users\\user\\Desktop\\WanderDrop\\WanderDrop\\components\\Saved.jsx","statementMap":{"0":{"start":{"line":9,"column":36},"end":{"line":9,"column":50}},"1":{"start":{"line":10,"column":36},"end":{"line":10,"column":50}},"2":{"start":{"line":11,"column":34},"end":{"line":11,"column":48}},"3":{"start":{"line":13,"column":23},"end":{"line":13,"column":38}},"4":{"start":{"line":15,"column":4},"end":{"line":29,"column":11}},"5":{"start":{"line":16,"column":8},"end":{"line":28,"column":13}},"6":{"start":{"line":17,"column":29},"end":{"line":17,"column":79}},"7":{"start":{"line":18,"column":12},"end":{"line":21,"column":13}},"8":{"start":{"line":19,"column":16},"end":{"line":19,"column":72}},"9":{"start":{"line":20,"column":16},"end":{"line":20,"column":23}},"10":{"start":{"line":25,"column":22},"end":{"line":25,"column":64}},"11":{"start":{"line":26,"column":12},"end":{"line":26,"column":36}},"12":{"start":{"line":27,"column":12},"end":{"line":27,"column":30}},"13":{"start":{"line":31,"column":4},"end":{"line":33,"column":6}},"14":{"start":{"line":35,"column":30},"end":{"line":50,"column":5}},"15":{"start":{"line":36,"column":8},"end":{"line":49,"column":9}},"16":{"start":{"line":37,"column":22},"end":{"line":37,"column":26}},"17":{"start":{"line":38,"column":25},"end":{"line":38,"column":65}},"18":{"start":{"line":39,"column":26},"end":{"line":39,"column":68}},"19":{"start":{"line":41,"column":16},"end":{"line":45,"column":39}},"20":{"start":{"line":46,"column":22},"end":{"line":46,"column":68}},"21":{"start":{"line":47,"column":33},"end":{"line":47,"column":38}},"22":{"start":{"line":48,"column":12},"end":{"line":48,"column":49}},"23":{"start":{"line":53,"column":22},"end":{"line":55,"column":5}},"24":{"start":{"line":54,"column":8},"end":{"line":54,"column":40}},"25":{"start":{"line":57,"column":4},"end":{"line":61,"column":31}},"26":{"start":{"line":58,"column":8},"end":{"line":60,"column":9}},"27":{"start":{"line":59,"column":12},"end":{"line":59,"column":69}},"28":{"start":{"line":63,"column":4},"end":{"line":85,"column":6}},"29":{"start":{"line":64,"column":65},"end":{"line":64,"column":121}},"30":{"start":{"line":88,"column":15},"end":{"line":115,"column":2}}},"fnMap":{"0":{"name":"Saved","decl":{"start":{"line":8,"column":24},"end":{"line":8,"column":29}},"loc":{"start":{"line":8,"column":41},"end":{"line":86,"column":1}},"line":8},"1":{"name":"(anonymous_1)","decl":{"start":{"line":15,"column":14},"end":{"line":15,"column":15}},"loc":{"start":{"line":15,"column":20},"end":{"line":29,"column":5}},"line":15},"2":{"name":"(anonymous_2)","decl":{"start":{"line":16,"column":9},"end":{"line":16,"column":10}},"loc":{"start":{"line":16,"column":21},"end":{"line":28,"column":9}},"line":16},"3":{"name":"(anonymous_3)","decl":{"start":{"line":31,"column":14},"end":{"line":31,"column":15}},"loc":{"start":{"line":31,"column":18},"end":{"line":33,"column":5}},"line":31},"4":{"name":"(anonymous_4)","decl":{"start":{"line":35,"column":30},"end":{"line":35,"column":31}},"loc":{"start":{"line":35,"column":53},"end":{"line":50,"column":5}},"line":35},"5":{"name":"(anonymous_5)","decl":{"start":{"line":53,"column":22},"end":{"line":53,"column":23}},"loc":{"start":{"line":53,"column":34},"end":{"line":55,"column":5}},"line":53},"6":{"name":"(anonymous_6)","decl":{"start":{"line":57,"column":14},"end":{"line":57,"column":15}},"loc":{"start":{"line":57,"column":20},"end":{"line":61,"column":5}},"line":57},"7":{"name":"(anonymous_7)","decl":{"start":{"line":64,"column":60},"end":{"line":64,"column":61}},"loc":{"start":{"line":64,"column":64},"end":{"line":64,"column":122}},"line":64},"8":{"name":"(anonymous_8)","decl":{"start":{"line":80,"column":30},"end":{"line":80,"column":31}},"loc":{"start":{"line":80,"column":34},"end":{"line":80,"column":36}},"line":80}},"branchMap":{"0":{"loc":{"start":{"line":18,"column":12},"end":{"line":21,"column":13}},"type":"if","locations":[{"start":{"line":18,"column":12},"end":{"line":21,"column":13}},{"start":{},"end":{}}],"line":18},"1":{"loc":{"start":{"line":36,"column":8},"end":{"line":49,"column":9}},"type":"if","locations":[{"start":{"line":36,"column":8},"end":{"line":49,"column":9}},{"start":{},"end":{}}],"line":36},"2":{"loc":{"start":{"line":36,"column":12},"end":{"line":36,"column":55}},"type":"binary-expr","locations":[{"start":{"line":36,"column":12},"end":{"line":36,"column":31}},{"start":{"line":36,"column":35},"end":{"line":36,"column":55}}],"line":36},"3":{"loc":{"start":{"line":58,"column":8},"end":{"line":60,"column":9}},"type":"if","locations":[{"start":{"line":58,"column":8},"end":{"line":60,"column":9}},{"start":{},"end":{}}],"line":58}},"s":{"0":0,"1":0,"2":0,"3":0,"4":0,"5":0,"6":0,"7":0,"8":0,"9":0,"10":0,"11":0,"12":0,"13":0,"14":0,"15":0,"16":0,"17":0,"18":0,"19":0,"20":0,"21":0,"22":0,"23":0,"24":0,"25":0,"26":0,"27":0,"28":0,"29":0,"30":0},"f":{"0":0,"1":0,"2":0,"3":0,"4":0,"5":0,"6":0,"7":0,"8":0},"b":{"0":[0,0],"1":[0,0],"2":[0,0],"3":[0,0]}}
,"C:\\Users\\user\\Desktop\\WanderDrop\\WanderDrop\\components\\UserProfile.jsx": {"path":"C:\\Users\\user\\Desktop\\WanderDrop\\WanderDrop\\components\\UserProfile.jsx","statementMap":{"0":{"start":{"line":13,"column":21},"end":{"line":13,"column":44}},"1":{"start":{"line":14,"column":36},"end":{"line":14,"column":50}},"2":{"start":{"line":15,"column":34},"end":{"line":15,"column":48}},"3":{"start":{"line":17,"column":4},"end":{"line":17,"column":32}},"4":{"start":{"line":19,"column":4},"end":{"line":48,"column":15}},"5":{"start":{"line":20,"column":30},"end":{"line":34,"column":9}},"6":{"start":{"line":21,"column":12},"end":{"line":33,"column":13}},"7":{"start":{"line":22,"column":16},"end":{"line":32,"column":17}},"8":{"start":{"line":23,"column":35},"end":{"line":23,"column":61}},"9":{"start":{"line":24,"column":36},"end":{"line":24,"column":56}},"10":{"start":{"line":25,"column":20},"end":{"line":27,"column":21}},"11":{"start":{"line":26,"column":24},"end":{"line":26,"column":52}},"12":{"start":{"line":29,"column":20},"end":{"line":29,"column":67}},"13":{"start":{"line":31,"column":20},"end":{"line":31,"column":38}},"14":{"start":{"line":36,"column":8},"end":{"line":36,"column":24}},"15":{"start":{"line":38,"column":30},"end":{"line":42,"column":10}},"16":{"start":{"line":39,"column":12},"end":{"line":39,"column":52}},"17":{"start":{"line":41,"column":12},"end":{"line":41,"column":28}},"18":{"start":{"line":44,"column":8},"end":{"line":46,"column":10}},"19":{"start":{"line":45,"column":12},"end":{"line":45,"column":61}},"20":{"start":{"line":50,"column":4},"end":{"line":56,"column":5}},"21":{"start":{"line":51,"column":8},"end":{"line":55,"column":10}},"22":{"start":{"line":58,"column":4},"end":{"line":106,"column":5}},"23":{"start":{"line":65,"column":72},"end":{"line":65,"column":103}},"24":{"start":{"line":79,"column":59},"end":{"line":79,"column":77}},"25":{"start":{"line":109,"column":15},"end":{"line":166,"column":2}}},"fnMap":{"0":{"name":"UserProfile","decl":{"start":{"line":12,"column":24},"end":{"line":12,"column":35}},"loc":{"start":{"line":12,"column":50},"end":{"line":107,"column":1}},"line":12},"1":{"name":"(anonymous_1)","decl":{"start":{"line":19,"column":14},"end":{"line":19,"column":15}},"loc":{"start":{"line":19,"column":20},"end":{"line":48,"column":5}},"line":19},"2":{"name":"(anonymous_2)","decl":{"start":{"line":20,"column":30},"end":{"line":20,"column":31}},"loc":{"start":{"line":20,"column":42},"end":{"line":34,"column":9}},"line":20},"3":{"name":"(anonymous_3)","decl":{"start":{"line":38,"column":80},"end":{"line":38,"column":81}},"loc":{"start":{"line":38,"column":90},"end":{"line":42,"column":9}},"line":38},"4":{"name":"(anonymous_4)","decl":{"start":{"line":44,"column":15},"end":{"line":44,"column":16}},"loc":{"start":{"line":44,"column":21},"end":{"line":46,"column":9}},"line":44},"5":{"name":"(anonymous_5)","decl":{"start":{"line":65,"column":67},"end":{"line":65,"column":68}},"loc":{"start":{"line":65,"column":71},"end":{"line":65,"column":104}},"line":65},"6":{"name":"(anonymous_6)","decl":{"start":{"line":79,"column":53},"end":{"line":79,"column":54}},"loc":{"start":{"line":79,"column":59},"end":{"line":79,"column":77}},"line":79}},"branchMap":{"0":{"loc":{"start":{"line":21,"column":12},"end":{"line":33,"column":13}},"type":"if","locations":[{"start":{"line":21,"column":12},"end":{"line":33,"column":13}},{"start":{},"end":{}}],"line":21},"1":{"loc":{"start":{"line":25,"column":20},"end":{"line":27,"column":21}},"type":"if","locations":[{"start":{"line":25,"column":20},"end":{"line":27,"column":21}},{"start":{},"end":{}}],"line":25},"2":{"loc":{"start":{"line":50,"column":4},"end":{"line":56,"column":5}},"type":"if","locations":[{"start":{"line":50,"column":4},"end":{"line":56,"column":5}},{"start":{},"end":{}}],"line":50}},"s":{"0":0,"1":0,"2":0,"3":0,"4":0,"5":0,"6":0,"7":0,"8":0,"9":0,"10":0,"11":0,"12":0,"13":0,"14":0,"15":0,"16":0,"17":0,"18":0,"19":0,"20":0,"21":0,"22":0,"23":0,"24":0,"25":0},"f":{"0":0,"1":0,"2":0,"3":0,"4":0,"5":0,"6":0},"b":{"0":[0,0],"1":[0,0],"2":[0,0]}}
,"C:\\Users\\user\\Desktop\\WanderDrop\\WanderDrop\\components\\UserVisits.jsx": {"path":"C:\\Users\\user\\Desktop\\WanderDrop\\WanderDrop\\components\\UserVisits.jsx","statementMap":{"0":{"start":{"line":7,"column":4},"end":{"line":19,"column":6}},"1":{"start":{"line":9,"column":42},"end":{"line":9,"column":60}},"2":{"start":{"line":22,"column":15},"end":{"line":27,"column":2}}},"fnMap":{"0":{"name":"UserVisits","decl":{"start":{"line":5,"column":24},"end":{"line":5,"column":34}},"loc":{"start":{"line":5,"column":47},"end":{"line":20,"column":1}},"line":5},"1":{"name":"(anonymous_1)","decl":{"start":{"line":9,"column":36},"end":{"line":9,"column":37}},"loc":{"start":{"line":9,"column":42},"end":{"line":9,"column":60}},"line":9}},"branchMap":{"0":{"loc":{"start":{"line":9,"column":13},"end":{"line":17,"column":13}},"type":"cond-expr","locations":[{"start":{"line":10,"column":16},"end":{"line":14,"column":60}},{"start":{"line":16,"column":16},"end":{"line":16,"column":22}}],"line":9}},"s":{"0":0,"1":0,"2":0},"f":{"0":0,"1":0},"b":{"0":[0,0]}}
,"C:\\Users\\user\\Desktop\\WanderDrop\\WanderDrop\\context\\AuthContext.js": {"path":"C:\\Users\\user\\Desktop\\WanderDrop\\WanderDrop\\context\\AuthContext.js","statementMap":{"0":{"start":{"line":6,"column":27},"end":{"line":6,"column":42}},"1":{"start":{"line":8,"column":28},"end":{"line":26,"column":1}},"2":{"start":{"line":9,"column":28},"end":{"line":9,"column":42}},"3":{"start":{"line":10,"column":34},"end":{"line":10,"column":48}},"4":{"start":{"line":12,"column":4},"end":{"line":19,"column":11}},"5":{"start":{"line":13,"column":28},"end":{"line":16,"column":10}},"6":{"start":{"line":14,"column":12},"end":{"line":14,"column":26}},"7":{"start":{"line":15,"column":12},"end":{"line":15,"column":30}},"8":{"start":{"line":18,"column":8},"end":{"line":18,"column":35}},"9":{"start":{"line":18,"column":21},"end":{"line":18,"column":34}},"10":{"start":{"line":21,"column":4},"end":{"line":25,"column":6}},"11":{"start":{"line":28,"column":22},"end":{"line":34,"column":3}},"12":{"start":{"line":29,"column":4},"end":{"line":33,"column":5}},"13":{"start":{"line":30,"column":6},"end":{"line":30,"column":26}},"14":{"start":{"line":32,"column":6},"end":{"line":32,"column":42}}},"fnMap":{"0":{"name":"(anonymous_0)","decl":{"start":{"line":8,"column":28},"end":{"line":8,"column":29}},"loc":{"start":{"line":8,"column":46},"end":{"line":26,"column":1}},"line":8},"1":{"name":"(anonymous_1)","decl":{"start":{"line":12,"column":14},"end":{"line":12,"column":15}},"loc":{"start":{"line":12,"column":20},"end":{"line":19,"column":5}},"line":12},"2":{"name":"(anonymous_2)","decl":{"start":{"line":13,"column":53},"end":{"line":13,"column":54}},"loc":{"start":{"line":13,"column":63},"end":{"line":16,"column":9}},"line":13},"3":{"name":"(anonymous_3)","decl":{"start":{"line":18,"column":15},"end":{"line":18,"column":16}},"loc":{"start":{"line":18,"column":21},"end":{"line":18,"column":34}},"line":18},"4":{"name":"(anonymous_4)","decl":{"start":{"line":28,"column":22},"end":{"line":28,"column":23}},"loc":{"start":{"line":28,"column":34},"end":{"line":34,"column":3}},"line":28}},"branchMap":{},"s":{"0":0,"1":0,"2":0,"3":0,"4":0,"5":0,"6":0,"7":0,"8":0,"9":0,"10":0,"11":0,"12":0,"13":0,"14":0},"f":{"0":0,"1":0,"2":0,"3":0,"4":0},"b":{}}
,"C:\\Users\\user\\Desktop\\WanderDrop\\WanderDrop\\firebase\\firebase.js": {"path":"C:\\Users\\user\\Desktop\\WanderDrop\\WanderDrop\\firebase\\firebase.js","statementMap":{"0":{"start":{"line":7,"column":23},"end":{"line":15,"column":1}},"1":{"start":{"line":17,"column":12},"end":{"line":17,"column":41}},"2":{"start":{"line":18,"column":18},"end":{"line":18,"column":35}},"3":{"start":{"line":19,"column":20},"end":{"line":19,"column":32}},"4":{"start":{"line":21,"column":26},"end":{"line":36,"column":1}},"5":{"start":{"line":22,"column":4},"end":{"line":35,"column":5}},"6":{"start":{"line":23,"column":34},"end":{"line":23,"column":58}},"7":{"start":{"line":24,"column":25},"end":{"line":24,"column":57}},"8":{"start":{"line":26,"column":28},"end":{"line":29,"column":11}},"9":{"start":{"line":26,"column":54},"end":{"line":29,"column":9}},"10":{"start":{"line":31,"column":8},"end":{"line":31,"column":27}},"11":{"start":{"line":33,"column":8},"end":{"line":33,"column":63}},"12":{"start":{"line":34,"column":8},"end":{"line":34,"column":18}},"13":{"start":{"line":38,"column":30},"end":{"line":51,"column":1}},"14":{"start":{"line":39,"column":4},"end":{"line":50,"column":5}},"15":{"start":{"line":40,"column":27},"end":{"line":40,"column":66}},"16":{"start":{"line":41,"column":25},"end":{"line":41,"column":50}},"17":{"start":{"line":42,"column":28},"end":{"line":45,"column":11}},"18":{"start":{"line":42,"column":54},"end":{"line":45,"column":9}},"19":{"start":{"line":46,"column":8},"end":{"line":46,"column":27}},"20":{"start":{"line":48,"column":8},"end":{"line":48,"column":61}},"21":{"start":{"line":49,"column":8},"end":{"line":49,"column":18}},"22":{"start":{"line":53,"column":23},"end":{"line":71,"column":1}},"23":{"start":{"line":54,"column":4},"end":{"line":70,"column":5}},"24":{"start":{"line":55,"column":24},"end":{"line":55,"column":44}},"25":{"start":{"line":56,"column":25},"end":{"line":56,"column":46}},"26":{"start":{"line":57,"column":8},"end":{"line":65,"column":9}},"27":{"start":{"line":58,"column":12},"end":{"line":61,"column":14}},"28":{"start":{"line":63,"column":12},"end":{"line":63,"column":45}},"29":{"start":{"line":64,"column":12},"end":{"line":64,"column":24}},"30":{"start":{"line":68,"column":8},"end":{"line":68,"column":58}},"31":{"start":{"line":69,"column":8},"end":{"line":69,"column":18}},"32":{"start":{"line":73,"column":30},"end":{"line":94,"column":1}},"33":{"start":{"line":74,"column":4},"end":{"line":93,"column":5}},"34":{"start":{"line":76,"column":23},"end":{"line":76,"column":25}},"35":{"start":{"line":78,"column":8},"end":{"line":85,"column":9}},"36":{"start":{"line":79,"column":29},"end":{"line":79,"column":48}},"37":{"start":{"line":80,"column":25},"end":{"line":80,"column":47}},"38":{"start":{"line":82,"column":12},"end":{"line":84,"column":13}},"39":{"start":{"line":83,"column":16},"end":{"line":83,"column":61}},"40":{"start":{"line":88,"column":8},"end":{"line":88,"column":22}},"41":{"start":{"line":91,"column":8},"end":{"line":91,"column":76}},"42":{"start":{"line":92,"column":8},"end":{"line":92,"column":18}},"43":{"start":{"line":96,"column":30},"end":{"line":126,"column":1}},"44":{"start":{"line":97,"column":4},"end":{"line":125,"column":5}},"45":{"start":{"line":98,"column":31},"end":{"line":98,"column":90}},"46":{"start":{"line":99,"column":21},"end":{"line":99,"column":40}},"47":{"start":{"line":101,"column":28},"end":{"line":101,"column":30}},"48":{"start":{"line":102,"column":28},"end":{"line":102,"column":30}},"49":{"start":{"line":103,"column":22},"end":{"line":103,"column":24}},"50":{"start":{"line":104,"column":23},"end":{"line":104,"column":24}},"51":{"start":{"line":105,"column":23},"end":{"line":105,"column":25}},"52":{"start":{"line":106,"column":20},"end":{"line":106,"column":28}},"53":{"start":{"line":108,"column":8},"end":{"line":119,"column":11}},"54":{"start":{"line":121,"column":8},"end":{"line":121,"column":49}},"55":{"start":{"line":123,"column":8},"end":{"line":123,"column":52}},"56":{"start":{"line":124,"column":8},"end":{"line":124,"column":29}},"57":{"start":{"line":128,"column":36},"end":{"line":152,"column":1}},"58":{"start":{"line":129,"column":28},"end":{"line":129,"column":50}},"59":{"start":{"line":130,"column":16},"end":{"line":130,"column":18}},"60":{"start":{"line":132,"column":4},"end":{"line":151,"column":5}},"61":{"start":{"line":133,"column":31},"end":{"line":133,"column":55}},"62":{"start":{"line":134,"column":25},"end":{"line":134,"column":54}},"63":{"start":{"line":135,"column":32},"end":{"line":138,"column":11}},"64":{"start":{"line":135,"column":58},"end":{"line":138,"column":9}},"65":{"start":{"line":141,"column":8},"end":{"line":145,"column":10}},"66":{"start":{"line":142,"column":12},"end":{"line":144,"column":13}},"67":{"start":{"line":143,"column":16},"end":{"line":143,"column":39}},"68":{"start":{"line":147,"column":8},"end":{"line":147,"column":21}},"69":{"start":{"line":150,"column":8},"end":{"line":150,"column":65}},"70":{"start":{"line":154,"column":26},"end":{"line":181,"column":1}},"71":{"start":{"line":155,"column":4},"end":{"line":180,"column":5}},"72":{"start":{"line":156,"column":24},"end":{"line":156,"column":48}},"73":{"start":{"line":157,"column":18},"end":{"line":157,"column":23}},"74":{"start":{"line":159,"column":8},"end":{"line":173,"column":9}},"75":{"start":{"line":160,"column":12},"end":{"line":162,"column":15}},"76":{"start":{"line":164,"column":12},"end":{"line":164,"column":23}},"77":{"start":{"line":166,"column":12},"end":{"line":166,"column":42}},"78":{"start":{"line":168,"column":12},"end":{"line":170,"column":15}},"79":{"start":{"line":172,"column":12},"end":{"line":172,"column":40}},"80":{"start":{"line":175,"column":8},"end":{"line":175,"column":44}},"81":{"start":{"line":176,"column":8},"end":{"line":176,"column":19}},"82":{"start":{"line":178,"column":8},"end":{"line":178,"column":59}},"83":{"start":{"line":179,"column":8},"end":{"line":179,"column":20}}},"fnMap":{"0":{"name":"(anonymous_0)","decl":{"start":{"line":21,"column":26},"end":{"line":21,"column":27}},"loc":{"start":{"line":21,"column":38},"end":{"line":36,"column":1}},"line":21},"1":{"name":"(anonymous_1)","decl":{"start":{"line":26,"column":46},"end":{"line":26,"column":47}},"loc":{"start":{"line":26,"column":54},"end":{"line":29,"column":9}},"line":26},"2":{"name":"(anonymous_2)","decl":{"start":{"line":38,"column":30},"end":{"line":38,"column":31}},"loc":{"start":{"line":38,"column":44},"end":{"line":51,"column":1}},"line":38},"3":{"name":"(anonymous_3)","decl":{"start":{"line":42,"column":46},"end":{"line":42,"column":47}},"loc":{"start":{"line":42,"column":54},"end":{"line":45,"column":9}},"line":42},"4":{"name":"(anonymous_4)","decl":{"start":{"line":53,"column":23},"end":{"line":53,"column":24}},"loc":{"start":{"line":53,"column":37},"end":{"line":71,"column":1}},"line":53},"5":{"name":"(anonymous_5)","decl":{"start":{"line":73,"column":30},"end":{"line":73,"column":31}},"loc":{"start":{"line":73,"column":45},"end":{"line":94,"column":1}},"line":73},"6":{"name":"(anonymous_6)","decl":{"start":{"line":96,"column":30},"end":{"line":96,"column":31}},"loc":{"start":{"line":96,"column":63},"end":{"line":126,"column":1}},"line":96},"7":{"name":"(anonymous_7)","decl":{"start":{"line":128,"column":36},"end":{"line":128,"column":37}},"loc":{"start":{"line":128,"column":52},"end":{"line":152,"column":1}},"line":128},"8":{"name":"(anonymous_8)","decl":{"start":{"line":135,"column":50},"end":{"line":135,"column":51}},"loc":{"start":{"line":135,"column":58},"end":{"line":138,"column":9}},"line":135},"9":{"name":"(anonymous_9)","decl":{"start":{"line":141,"column":32},"end":{"line":141,"column":33}},"loc":{"start":{"line":141,"column":46},"end":{"line":145,"column":9}},"line":141},"10":{"name":"(anonymous_10)","decl":{"start":{"line":154,"column":26},"end":{"line":154,"column":27}},"loc":{"start":{"line":154,"column":60},"end":{"line":181,"column":1}},"line":154}},"branchMap":{"0":{"loc":{"start":{"line":57,"column":8},"end":{"line":65,"column":9}},"type":"if","locations":[{"start":{"line":57,"column":8},"end":{"line":65,"column":9}},{"start":{"line":62,"column":15},"end":{"line":65,"column":9}}],"line":57},"1":{"loc":{"start":{"line":82,"column":12},"end":{"line":84,"column":13}},"type":"if","locations":[{"start":{"line":82,"column":12},"end":{"line":84,"column":13}},{"start":{},"end":{}}],"line":82},"2":{"loc":{"start":{"line":129,"column":28},"end":{"line":129,"column":50}},"type":"binary-expr","locations":[{"start":{"line":129,"column":28},"end":{"line":129,"column":44}},{"start":{"line":129,"column":48},"end":{"line":129,"column":50}}],"line":129},"3":{"loc":{"start":{"line":142,"column":12},"end":{"line":144,"column":13}},"type":"if","locations":[{"start":{"line":142,"column":12},"end":{"line":144,"column":13}},{"start":{},"end":{}}],"line":142},"4":{"loc":{"start":{"line":159,"column":8},"end":{"line":173,"column":9}},"type":"if","locations":[{"start":{"line":159,"column":8},"end":{"line":173,"column":9}},{"start":{"line":167,"column":15},"end":{"line":173,"column":9}}],"line":159}},"s":{"0":0,"1":0,"2":0,"3":0,"4":0,"5":0,"6":0,"7":0,"8":0,"9":0,"10":0,"11":0,"12":0,"13":0,"14":0,"15":0,"16":0,"17":0,"18":0,"19":0,"20":0,"21":0,"22":0,"23":0,"24":0,"25":0,"26":0,"27":0,"28":0,"29":0,"30":0,"31":0,"32":0,"33":0,"34":0,"35":0,"36":0,"37":0,"38":0,"39":0,"40":0,"41":0,"42":0,"43":0,"44":0,"45":0,"46":0,"47":0,"48":0,"49":0,"50":0,"51":0,"52":0,"53":0,"54":0,"55":0,"56":0,"57":0,"58":0,"59":0,"60":0,"61":0,"62":0,"63":0,"64":0,"65":0,"66":0,"67":0,"68":0,"69":0,"70":0,"71":0,"72":0,"73":0,"74":0,"75":0,"76":0,"77":0,"78":0,"79":0,"80":0,"81":0,"82":0,"83":0},"f":{"0":0,"1":0,"2":0,"3":0,"4":0,"5":0,"6":0,"7":0,"8":0,"9":0,"10":0},"b":{"0":[0,0],"1":[0,0],"2":[0,0],"3":[0,0],"4":[0,0]}}
,"C:\\Users\\user\\Desktop\\WanderDrop\\WanderDrop\\navigation\\ContributeStack.jsx": {"path":"C:\\Users\\user\\Desktop\\WanderDrop\\WanderDrop\\navigation\\ContributeStack.jsx","statementMap":{"0":{"start":{"line":7,"column":14},"end":{"line":7,"column":42}},"1":{"start":{"line":10,"column":2},"end":{"line":20,"column":4}}},"fnMap":{"0":{"name":"ContributeStack","decl":{"start":{"line":9,"column":24},"end":{"line":9,"column":39}},"loc":{"start":{"line":9,"column":42},"end":{"line":21,"column":1}},"line":9}},"branchMap":{},"s":{"0":0,"1":0},"f":{"0":0},"b":{}}
,"C:\\Users\\user\\Desktop\\WanderDrop\\WanderDrop\\navigation\\ExploreStack.jsx": {"path":"C:\\Users\\user\\Desktop\\WanderDrop\\WanderDrop\\navigation\\ExploreStack.jsx","statementMap":{"0":{"start":{"line":8,"column":14},"end":{"line":8,"column":42}},"1":{"start":{"line":11,"column":2},"end":{"line":20,"column":4}}},"fnMap":{"0":{"name":"ExploreStack","decl":{"start":{"line":10,"column":24},"end":{"line":10,"column":36}},"loc":{"start":{"line":10,"column":39},"end":{"line":21,"column":1}},"line":10}},"branchMap":{},"s":{"0":0,"1":0},"f":{"0":0},"b":{}}
,"C:\\Users\\user\\Desktop\\WanderDrop\\WanderDrop\\navigation\\GoStack.jsx": {"path":"C:\\Users\\user\\Desktop\\WanderDrop\\WanderDrop\\navigation\\GoStack.jsx","statementMap":{"0":{"start":{"line":6,"column":14},"end":{"line":6,"column":42}},"1":{"start":{"line":9,"column":2},"end":{"line":18,"column":4}}},"fnMap":{"0":{"name":"GoStack","decl":{"start":{"line":8,"column":24},"end":{"line":8,"column":31}},"loc":{"start":{"line":8,"column":34},"end":{"line":19,"column":1}},"line":8}},"branchMap":{},"s":{"0":0,"1":0},"f":{"0":0},"b":{}}
,"C:\\Users\\user\\Desktop\\WanderDrop\\WanderDrop\\navigation\\MarkerTabs.jsx": {"path":"C:\\Users\\user\\Desktop\\WanderDrop\\WanderDrop\\navigation\\MarkerTabs.jsx","statementMap":{"0":{"start":{"line":9,"column":12},"end":{"line":9,"column":38}},"1":{"start":{"line":12,"column":42},"end":{"line":12,"column":65}},"2":{"start":{"line":14,"column":4},"end":{"line":37,"column":6}},"3":{"start":{"line":19,"column":31},"end":{"line":19,"column":54}},"4":{"start":{"line":26,"column":31},"end":{"line":26,"column":56}},"5":{"start":{"line":40,"column":15},"end":{"line":59,"column":2}}},"fnMap":{"0":{"name":"MarkerTabs","decl":{"start":{"line":11,"column":24},"end":{"line":11,"column":34}},"loc":{"start":{"line":11,"column":47},"end":{"line":38,"column":1}},"line":11},"1":{"name":"(anonymous_1)","decl":{"start":{"line":19,"column":25},"end":{"line":19,"column":26}},"loc":{"start":{"line":19,"column":31},"end":{"line":19,"column":54}},"line":19},"2":{"name":"(anonymous_2)","decl":{"start":{"line":26,"column":25},"end":{"line":26,"column":26}},"loc":{"start":{"line":26,"column":31},"end":{"line":26,"column":56}},"line":26}},"branchMap":{"0":{"loc":{"start":{"line":18,"column":42},"end":{"line":18,"column":87}},"type":"binary-expr","locations":[{"start":{"line":18,"column":42},"end":{"line":18,"column":65}},{"start":{"line":18,"column":69},"end":{"line":18,"column":87}}],"line":18},"1":{"loc":{"start":{"line":25,"column":42},"end":{"line":25,"column":89}},"type":"binary-expr","locations":[{"start":{"line":25,"column":42},"end":{"line":25,"column":67}},{"start":{"line":25,"column":71},"end":{"line":25,"column":89}}],"line":25},"2":{"loc":{"start":{"line":32,"column":13},"end":{"line":34,"column":57}},"type":"cond-expr","locations":[{"start":{"line":33,"column":14},"end":{"line":33,"column":55}},{"start":{"line":34,"column":14},"end":{"line":34,"column":57}}],"line":32}},"s":{"0":0,"1":0,"2":0,"3":0,"4":0,"5":0},"f":{"0":0,"1":0,"2":0},"b":{"0":[0,0],"1":[0,0],"2":[0,0]}}
,"C:\\Users\\user\\Desktop\\WanderDrop\\WanderDrop\\navigation\\ProfileStack.jsx": {"path":"C:\\Users\\user\\Desktop\\WanderDrop\\WanderDrop\\navigation\\ProfileStack.jsx","statementMap":{"0":{"start":{"line":8,"column":14},"end":{"line":8,"column":42}},"1":{"start":{"line":11,"column":2},"end":{"line":21,"column":4}}},"fnMap":{"0":{"name":"ProfileStack","decl":{"start":{"line":10,"column":24},"end":{"line":10,"column":36}},"loc":{"start":{"line":10,"column":39},"end":{"line":22,"column":1}},"line":10}},"branchMap":{},"s":{"0":0,"1":0},"f":{"0":0},"b":{}}
,"C:\\Users\\user\\Desktop\\WanderDrop\\WanderDrop\\navigation\\ProfileTabs.jsx": {"path":"C:\\Users\\user\\Desktop\\WanderDrop\\WanderDrop\\navigation\\ProfileTabs.jsx","statementMap":{"0":{"start":{"line":7,"column":12},"end":{"line":7,"column":38}},"1":{"start":{"line":10,"column":42},"end":{"line":10,"column":71}},"2":{"start":{"line":12,"column":4},"end":{"line":35,"column":6}},"3":{"start":{"line":17,"column":31},"end":{"line":17,"column":60}},"4":{"start":{"line":24,"column":31},"end":{"line":24,"column":55}},"5":{"start":{"line":38,"column":15},"end":{"line":58,"column":2}}},"fnMap":{"0":{"name":"ProfileTabs","decl":{"start":{"line":9,"column":24},"end":{"line":9,"column":35}},"loc":{"start":{"line":9,"column":48},"end":{"line":36,"column":1}},"line":9},"1":{"name":"(anonymous_1)","decl":{"start":{"line":17,"column":25},"end":{"line":17,"column":26}},"loc":{"start":{"line":17,"column":31},"end":{"line":17,"column":60}},"line":17},"2":{"name":"(anonymous_2)","decl":{"start":{"line":24,"column":25},"end":{"line":24,"column":26}},"loc":{"start":{"line":24,"column":31},"end":{"line":24,"column":55}},"line":24}},"branchMap":{"0":{"loc":{"start":{"line":16,"column":42},"end":{"line":16,"column":93}},"type":"binary-expr","locations":[{"start":{"line":16,"column":42},"end":{"line":16,"column":71}},{"start":{"line":16,"column":75},"end":{"line":16,"column":93}}],"line":16},"1":{"loc":{"start":{"line":23,"column":42},"end":{"line":23,"column":88}},"type":"binary-expr","locations":[{"start":{"line":23,"column":42},"end":{"line":23,"column":66}},{"start":{"line":23,"column":70},"end":{"line":23,"column":88}}],"line":23},"2":{"loc":{"start":{"line":30,"column":13},"end":{"line":32,"column":47}},"type":"cond-expr","locations":[{"start":{"line":31,"column":14},"end":{"line":31,"column":48}},{"start":{"line":32,"column":14},"end":{"line":32,"column":47}}],"line":30}},"s":{"0":0,"1":0,"2":0,"3":0,"4":0,"5":0},"f":{"0":0,"1":0,"2":0},"b":{"0":[0,0],"1":[0,0],"2":[0,0]}}
,"C:\\Users\\user\\Desktop\\WanderDrop\\WanderDrop\\navigation\\SavedStack.jsx": {"path":"C:\\Users\\user\\Desktop\\WanderDrop\\WanderDrop\\navigation\\SavedStack.jsx","statementMap":{"0":{"start":{"line":8,"column":14},"end":{"line":8,"column":42}},"1":{"start":{"line":11,"column":2},"end":{"line":20,"column":4}}},"fnMap":{"0":{"name":"SavedStack","decl":{"start":{"line":10,"column":24},"end":{"line":10,"column":34}},"loc":{"start":{"line":10,"column":37},"end":{"line":21,"column":1}},"line":10}},"branchMap":{},"s":{"0":0,"1":0},"f":{"0":0},"b":{}}
,"C:\\Users\\user\\Desktop\\WanderDrop\\WanderDrop\\navigation\\Tabs.jsx": {"path":"C:\\Users\\user\\Desktop\\WanderDrop\\WanderDrop\\navigation\\Tabs.jsx","statementMap":{"0":{"start":{"line":18,"column":12},"end":{"line":18,"column":38}},"1":{"start":{"line":21,"column":2},"end":{"line":90,"column":4}},"2":{"start":{"line":24,"column":43},"end":{"line":81,"column":9}},"3":{"start":{"line":36,"column":16},"end":{"line":59,"column":19}},"4":{"start":{"line":38,"column":24},"end":{"line":38,"column":49}},"5":{"start":{"line":39,"column":24},"end":{"line":39,"column":52}},"6":{"start":{"line":40,"column":24},"end":{"line":40,"column":30}},"7":{"start":{"line":42,"column":24},"end":{"line":42,"column":54}},"8":{"start":{"line":43,"column":24},"end":{"line":43,"column":52}},"9":{"start":{"line":44,"column":24},"end":{"line":44,"column":30}},"10":{"start":{"line":46,"column":24},"end":{"line":46,"column":49}},"11":{"start":{"line":47,"column":24},"end":{"line":47,"column":54}},"12":{"start":{"line":48,"column":24},"end":{"line":48,"column":30}},"13":{"start":{"line":50,"column":24},"end":{"line":50,"column":52}},"14":{"start":{"line":51,"column":24},"end":{"line":51,"column":49}},"15":{"start":{"line":52,"column":24},"end":{"line":52,"column":30}},"16":{"start":{"line":54,"column":24},"end":{"line":54,"column":49}},"17":{"start":{"line":55,"column":24},"end":{"line":55,"column":52}},"18":{"start":{"line":56,"column":24},"end":{"line":56,"column":30}},"19":{"start":{"line":58,"column":24},"end":{"line":58,"column":36}},"20":{"start":{"line":61,"column":16},"end":{"line":71,"column":17}}},"fnMap":{"0":{"name":"Tabs","decl":{"start":{"line":20,"column":24},"end":{"line":20,"column":28}},"loc":{"start":{"line":20,"column":31},"end":{"line":91,"column":1}},"line":20},"1":{"name":"(anonymous_1)","decl":{"start":{"line":24,"column":27},"end":{"line":24,"column":28}},"loc":{"start":{"line":24,"column":43},"end":{"line":81,"column":9}},"line":24},"2":{"name":"(anonymous_2)","decl":{"start":{"line":32,"column":24},"end":{"line":32,"column":25}},"loc":{"start":{"line":32,"column":54},"end":{"line":72,"column":13}},"line":32}},"branchMap":{"0":{"loc":{"start":{"line":36,"column":16},"end":{"line":59,"column":19}},"type":"switch","locations":[{"start":{"line":37,"column":20},"end":{"line":40,"column":30}},{"start":{"line":41,"column":20},"end":{"line":44,"column":30}},{"start":{"line":45,"column":20},"end":{"line":48,"column":30}},{"start":{"line":49,"column":20},"end":{"line":52,"column":30}},{"start":{"line":53,"column":20},"end":{"line":56,"column":30}},{"start":{"line":57,"column":20},"end":{"line":58,"column":36}}],"line":36},"1":{"loc":{"start":{"line":68,"column":40},"end":{"line":68,"column":66}},"type":"cond-expr","locations":[{"start":{"line":68,"column":50},"end":{"line":68,"column":59}},{"start":{"line":68,"column":62},"end":{"line":68,"column":66}}],"line":68}},"s":{"0":0,"1":0,"2":0,"3":0,"4":0,"5":0,"6":0,"7":0,"8":0,"9":0,"10":0,"11":0,"12":0,"13":0,"14":0,"15":0,"16":0,"17":0,"18":0,"19":0,"20":0},"f":{"0":0,"1":0,"2":0},"b":{"0":[0,0,0,0,0,0],"1":[0,0]}}
,"C:\\Users\\user\\Desktop\\WanderDrop\\WanderDrop\\screens\\ContributeScreen.jsx": {"path":"C:\\Users\\user\\Desktop\\WanderDrop\\WanderDrop\\screens\\ContributeScreen.jsx","statementMap":{"0":{"start":{"line":10,"column":21},"end":{"line":10,"column":44}},"1":{"start":{"line":11,"column":36},"end":{"line":11,"column":50}},"2":{"start":{"line":12,"column":34},"end":{"line":12,"column":48}},"3":{"start":{"line":15,"column":4},"end":{"line":44,"column":15}},"4":{"start":{"line":16,"column":30},"end":{"line":31,"column":9}},"5":{"start":{"line":17,"column":12},"end":{"line":30,"column":13}},"6":{"start":{"line":18,"column":16},"end":{"line":21,"column":17}},"7":{"start":{"line":19,"column":20},"end":{"line":19,"column":38}},"8":{"start":{"line":20,"column":20},"end":{"line":20,"column":27}},"9":{"start":{"line":23,"column":36},"end":{"line":23,"column":59}},"10":{"start":{"line":24,"column":16},"end":{"line":24,"column":41}},"11":{"start":{"line":25,"column":16},"end":{"line":25,"column":34}},"12":{"start":{"line":28,"column":16},"end":{"line":28,"column":67}},"13":{"start":{"line":29,"column":16},"end":{"line":29,"column":34}},"14":{"start":{"line":33,"column":8},"end":{"line":33,"column":24}},"15":{"start":{"line":35,"column":30},"end":{"line":39,"column":10}},"16":{"start":{"line":36,"column":12},"end":{"line":36,"column":52}},"17":{"start":{"line":38,"column":12},"end":{"line":38,"column":28}},"18":{"start":{"line":41,"column":8},"end":{"line":43,"column":10}},"19":{"start":{"line":42,"column":12},"end":{"line":42,"column":61}},"20":{"start":{"line":46,"column":4},"end":{"line":52,"column":5}},"21":{"start":{"line":47,"column":8},"end":{"line":51,"column":10}},"22":{"start":{"line":54,"column":4},"end":{"line":54,"column":46}},"23":{"start":{"line":55,"column":4},"end":{"line":55,"column":57}},"24":{"start":{"line":57,"column":4},"end":{"line":61,"column":5}},"25":{"start":{"line":60,"column":8},"end":{"line":60,"column":70}},"26":{"start":{"line":62,"column":4},"end":{"line":103,"column":5}},"27":{"start":{"line":98,"column":29},"end":{"line":98,"column":60}},"28":{"start":{"line":106,"column":15},"end":{"line":135,"column":2}}},"fnMap":{"0":{"name":"ContributeScreen","decl":{"start":{"line":9,"column":24},"end":{"line":9,"column":40}},"loc":{"start":{"line":9,"column":55},"end":{"line":104,"column":1}},"line":9},"1":{"name":"(anonymous_1)","decl":{"start":{"line":15,"column":14},"end":{"line":15,"column":15}},"loc":{"start":{"line":15,"column":20},"end":{"line":44,"column":5}},"line":15},"2":{"name":"(anonymous_2)","decl":{"start":{"line":16,"column":30},"end":{"line":16,"column":31}},"loc":{"start":{"line":16,"column":42},"end":{"line":31,"column":9}},"line":16},"3":{"name":"(anonymous_3)","decl":{"start":{"line":35,"column":80},"end":{"line":35,"column":81}},
[...]
},"end":{"line":73,"column":5}},"19":{"start":{"line":45,"column":8},"end":{"line":45,"column":25}},"20":{"start":{"line":46,"column":8},"end":{"line":71,"column":9}},"21":{"start":{"line":47,"column":32},"end":{"line":47,"column":63}},"22":{"start":{"line":48,"column":20},"end":{"line":48,"column":24}},"23":{"start":{"line":49,"column":12},"end":{"line":52,"column":13}},"24":{"start":{"line":51,"column":16},"end":{"line":51,"column":44}},"25":{"start":{"line":54,"column":29},"end":{"line":54,"column":79}},"26":{"start":{"line":55,"column":12},"end":{"line":59,"column":13}},"27":{"start":{"line":56,"column":16},"end":{"line":56,"column":72}},"28":{"start":{"line":57,"column":16},"end":{"line":57,"column":34}},"29":{"start":{"line":58,"column":16},"end":{"line":58,"column":23}},"30":{"start":{"line":61,"column":22},"end":{"line":61,"column":64}},"31":{"start":{"line":64,"column":12},"end":{"line":64,"column":36}},"32":{"start":{"line":65,"column":12},"end":{"line":67,"column":13}},"33":{"start":{"line":66,"column":16},"end":{"line":66,"column":31}},"34":{"start":{"line":68,"column":12},"end":{"line":68,"column":36}},"35":{"start":{"line":70,"column":12},"end":{"line":70,"column":58}},"36":{"start":{"line":72,"column":8},"end":{"line":72,"column":26}},"37":{"start":{"line":75,"column":4},"end":{"line":86,"column":11}},"38":{"start":{"line":76,"column":8},"end":{"line":76,"column":23}},"39":{"start":{"line":78,"column":30},"end":{"line":81,"column":10}},"40":{"start":{"line":79,"column":12},"end":{"line":79,"column":56}},"41":{"start":{"line":80,"column":12},"end":{"line":80,"column":33}},"42":{"start":{"line":83,"column":8},"end":{"line":85,"column":10}},"43":{"start":{"line":84,"column":12},"end":{"line":84,"column":61}},"44":{"start":{"line":89,"column":30},"end":{"line":104,"column":5}},"45":{"start":{"line":90,"column":8},"end":{"line":103,"column":9}},"46":{"start":{"line":91,"column":22},"end":{"line":91,"column":26}},"47":{"start":{"line":92,"column":25},"end":{"line":92,"column":61}},"48":{"start":{"line":93,"column":26},"end":{"line":93,"column":64}},"49":{"start":{"line":95,"column":16},"end":{"line":99,"column":39}},"50":{"start":{"line":100,"column":22},"end":{"line":100,"column":68}},"51":{"start":{"line":101,"column":33},"end":{"line":101,"column":38}},"52":{"start":{"line":102,"column":12},"end":{"line":102,"column":49}},"53":{"start":{"line":106,"column":22},"end":{"line":108,"column":5}},"54":{"start":{"line":107,"column":8},"end":{"line":107,"column":40}},"55":{"start":{"line":110,"column":4},"end":{"line":114,"column":27}},"56":{"start":{"line":111,"column":8},"end":{"line":113,"column":9}},"57":{"start":{"line":112,"column":12},"end":{"line":112,"column":69}},"58":{"start":{"line":116,"column":4},"end":{"line":122,"column":5}},"59":{"start":{"line":117,"column":8},"end":{"line":121,"column":10}},"60":{"start":{"line":124,"column":4},"end":{"line":126,"column":5}},"61":{"start":{"line":125,"column":8},"end":{"line":125,"column":53}},"62":{"start":{"line":128,"column":4},"end":{"line":299,"column":6}},"63":{"start":{"line":135,"column":35},"end":{"line":135,"column":54}},"64":{"start":{"line":156,"column":32},"end":{"line":158,"column":33}},"65":{"start":{"line":157,"column":36},"end":{"line":157,"column":81}},"66":{"start":{"line":213,"column":32},"end":{"line":219,"column":51}},"67":{"start":{"line":213,"column":77},"end":{"line":213,"column":96}},"68":{"start":{"line":254,"column":32},"end":{"line":259,"column":34}},"69":{"start":{"line":271,"column":43},"end":{"line":271,"column":64}},"70":{"start":{"line":286,"column":43},"end":{"line":286,"column":65}},"71":{"start":{"line":302,"column":18},"end":{"line":313,"column":2}},"72":{"start":{"line":315,"column":24},"end":{"line":320,"column":2}},"73":{"start":{"line":322,"column":21},"end":{"line":362,"column":2}},"74":{"start":{"line":364,"column":26},"end":{"line":377,"column":2}},"75":{"start":{"line":379,"column":21},"end":{"line":413,"column":2}},"76":{"start":{"line":415,"column":21},"end":{"line":425,"column":2}}},"fnMap":{"0":{"name":"PlaceDetailsScreen","decl":{"start":{"line":16,"column":24},"end":{"line":16,"column":42}},"loc":{"start":{"line":16,"column":52},"end":{"line":300,"column":1}},"line":16},"1":{"name":"(anonymous_1)","decl":{"start":{"line":31,"column":22},"end":{"line":31,"column":23}},"loc":{"start":{"line":31,"column":36},"end":{"line":34,"column":5}},"line":31},"2":{"name":"(anonymous_2)","decl":{"start":{"line":35,"column":23},"end":{"line":35,"column":24}},"loc":{"start":{"line":35,"column":29},"end":{"line":38,"column":5}},"line":35},"3":{"name":"(anonymous_3)","decl":{"start":{"line":44,"column":25},"end":{"line":44,"column":26}},"loc":{"start":{"line":44,"column":37},"end":{"line":73,"column":5}},"line":44},"4":{"name":"(anonymous_4)","decl":{"start":{"line":75,"column":14},"end":{"line":75,"column":15}},"loc":{"start":{"line":75,"column":20},"end":{"line":86,"column":5}},"line":75},"5":{"name":"(anonymous_5)","decl":{"start":{"line":78,"column":78},"end":{"line":78,"column":79}},"loc":{"start":{"line":78,"column":90},"end":{"line":81,"column":9}},"line":78},"6":{"name":"(anonymous_6)","decl":{"start":{"line":83,"column":15},"end":{"line":83,"column":16}},"loc":{"start":{"line":83,"column":21},"end":{"line":85,"column":9}},"line":83},"7":{"name":"(anonymous_7)","decl":{"start":{"line":89,"column":30},"end":{"line":89,"column":31}},"loc":{"start":{"line":89,"column":53},"end":{"line":104,"column":5}},"line":89},"8":{"name":"(anonymous_8)","decl":{"start":{"line":106,"column":22},"end":{"line":106,"column":23}},"loc":{"start":{"line":106,"column":34},"end":{"line":108,"column":5}},"line":106},"9":{"name":"(anonymous_9)","decl":{"start":{"line":110,"column":14},"end":{"line":110,"column":15}},"loc":{"start":{"line":110,"column":20},"end":{"line":114,"column":5}},"line":110},"10":{"name":"(anonymous_10)","decl":{"start":{"line":135,"column":29},"end":{"line":135,"column":30}},"loc":{"start":{"line":135,"column":35},"end":{"line":135,"column":54}},"line":135},"11":{"name":"(anonymous_11)","decl":{"start":{"line":155,"column":37},"end":{"line":155,"column":38}},"loc":{"start":{"line":155,"column":41},"end":{"line":159,"column":29}},"line":155},"12":{"name":"(anonymous_12)","decl":{"start":{"line":212,"column":50},"end":{"line":212,"column":51}},"loc":{"start":{"line":213,"column":32},"end":{"line":219,"column":51}},"line":213},"13":{"name":"(anonymous_13)","decl":{"start":{"line":213,"column":71},"end":{"line":213,"column":72}},"loc":{"start":{"line":213,"column":77},"end":{"line":213,"column":96}},"line":213},"14":{"name":"(anonymous_14)","decl":{"start":{"line":253,"column":41},"end":{"line":253,"column":42}},"loc":{"start":{"line":254,"column":32},"end":{"line":259,"column":34}},"line":254},"15":{"name":"(anonymous_15)","decl":{"start":{"line":271,"column":37},"end":{"line":271,"column":38}},"loc":{"start":{"line":271,"column":43},"end":{"line":271,"column":64}},"line":271},"16":{"name":"(anonymous_16)","decl":{"start":{"line":286,"column":37},"end":{"line":286,"column":38}},"loc":{"start":{"line":286,"column":43},"end":{"line":286,"column":65}},"line":286}},"branchMap":{"0":{"loc":{"start":{"line":49,"column":12},"end":{"line":52,"column":13}},"type":"if","locations":[{"start":{"line":49,"column":12},"end":{"line":52,"column":13}},{"start":{},"end":{}}],"line":49},"1":{"loc":{"start":{"line":55,"column":12},"end":{"line":59,"column":13}},"type":"if","locations":[{"start":{"line":55,"column":12},"end":{"line":59,"column":13}},{"start":{},"end":{}}],"line":55},"2":{"loc":{"start":{"line":65,"column":12},"end":{"line":67,"column":13}},"type":"if","locations":[{"start":{"line":65,"column":12},"end":{"line":67,"column":13}},{"start":{},"end":{}}],"line":65},"3":{"loc":{"start":{"line":90,"column":8},"end":{"line":103,"column":9}},"type":"if","locations":[{"start":{"line":90,"column":8},"end":{"line":103,"column":9}},{"start":{},"end":{}}],"line":90},"4":{"loc":{"start":{"line":90,"column":12},"end":{"line":90,"column":47}},"type":"binary-expr","locations":[{"start":{"line":90,"column":12},"end":{"line":90,"column":27}},{"start":{"line":90,"column":31},"end":{"line":90,"column":47}}],"line":90},"5":{"loc":{"start":{"line":111,"column":8},"end":{"line":113,"column":9}},"type":"if","locations":[{"start":{"line":111,"column":8},"end":{"line":113,"column":9}},{"start":{},"end":{}}],"line":111},"6":{"loc":{"start":{"line":116,"column":4},"end":{"line":122,"column":5}},"type":"if","locations":[{"start":{"line":116,"column":4},"end":{"line":122,"column":5}},{"start":{},"end":{}}],"line":116},"7":{"loc":{"start":{"line":124,"column":4},"end":{"line":126,"column":5}},"type":"if","locations":[{"start":{"line":124,"column":4},"end":{"line":126,"column":5}},{"start":{},"end":{}}],"line":124},"8":{"loc":{"start":{"line":143,"column":31},"end":{"line":143,"column":93}},"type":"cond-expr","locations":[{"start":{"line":143,"column":49},"end":{"line":143,"column":72}},{"start":{"line":143,"column":75},"end":{"line":143,"column":93}}],"line":143},"9":{"loc":{"start":{"line":151,"column":39},"end":{"line":151,"column":147}},"type":"cond-expr","locations":[{"start":{"line":151,"column":49},"end":{"line":151,"column":96}},{"start":{"line":151,"column":100},"end":{"line":151,"column":146}}],"line":151},"10":{"loc":{"start":{"line":151,"column":100},"end":{"line":151,"column":146}},"type":"cond-expr","locations":[{"start":{"line":151,"column":111},"end":{"line":151,"column":127}},{"start":{"line":151,"column":130},"end":{"line":151,"column":146}}],"line":151},"11":{"loc":{"start":{"line":156,"column":32},"end":{"line":158,"column":33}},"type":"if","locations":[{"start":{"line":156,"column":32},"end":{"line":158,"column":33}},{"start":{},"end":{}}],"line":156},"12":{"loc":{"start":{"line":163,"column":39},"end":{"line":163,"column":66}},"type":"cond-expr","locations":[{"start":{"line":163,"column":48},"end":{"line":163,"column":57}},{"start":{"line":163,"column":60},"end":{"line":163,"column":66}}],"line":163},"13":{"loc":{"start":{"line":189,"column":31},"end":{"line":189,"column":117}},"type":"cond-expr","locations":[{"start":{"line":189,"column":47},"end":{"line":189,"column":83}},{"start":{"line":189,"column":86},"end":{"line":189,"column":117}}],"line":189},"14":{"loc":{"start":{"line":208,"column":17},"end":{"line":223,"column":17}},"type":"binary-expr","locations":[{"start":{"line":208,"column":17},"end":{"line":208,"column":33}},{"start":{"line":208,"column":37},"end":{"line":208,"column":64}},{"start":{"line":209,"column":20},"end":{"line":222,"column":27}}],"line":208},"15":{"loc":{"start":{"line":227,"column":17},"end":{"line":241,"column":17}},"type":"binary-expr","locations":[{"start":{"line":227,"column":17},"end":{"line":227,"column":30}},{"start":{"line":228,"column":20},"end":{"line":240,"column":28}}],"line":227},"16":{"loc":{"start":{"line":251,"column":21},"end":{"line":266,"column":21}},"type":"cond-expr","locations":[{"start":{"line":252,"column":24},"end":{"line":261,"column":27}},{"start":{"line":263,"column":24},"end":{"line":265,"column":31}}],"line":251},"17":{"loc":{"start":{"line":268,"column":21},"end":{"line":292,"column":21}},"type":"binary-expr","locations":[{"start":{"line":268,"column":21},"end":{"line":268,"column":25}},{"start":{"line":269,"column":20},"end":{"line":291,"column":23}}],"line":268}},"s":{"0":0,"1":0,"2":0,"3":0,"4":0,"5":0,"6":0,"7":0,"8":0,"9":0,"10":0,"11":0,"12":0,"13":0,"14":0,"15":0,"16":0,"17":0,"18":0,"19":0,"20":0,"21":0,"22":0,"23":0,"24":0,"25":0,"26":0,"27":0,"28":0,"29":0,"30":0,"31":0,"32":0,"33":0,"34":0,"35":0,"36":0,"37":0,"38":0,"39":0,"40":0,"41":0,"42":0,"43":0,"44":0,"45":0,"46":0,"47":0,"48":0,"49":0,"50":0,"51":0,"52":0,"53":0,"54":0,"55":0,"56":0,"57":0,"58":0,"59":0,"60":0,"61":0,"62":0,"63":0,"64":0,"65":0,"66":0,"67":0,"68":0,"69":0,"70":0,"71":0,"72":0,"73":0,"74":0,"75":0,"76":0},"f":{"0":0,"1":0,"2":0,"3":0,"4":0,"5":0,"6":0,"7":0,"8":0,"9":0,"10":0,"11":0,"12":0,"13":0,"14":0,"15":0,"16":0},"b":{"0":[0,0],"1":[0,0],"2":[0,0],"3":[0,0],"4":[0,0],"5":[0,0],"6":[0,0],"7":[0,0],"8":[0,0],"9":[0,0],"10":[0,0],"11":[0,0],"12":[0,0],"13":[0,0],"14":[0,0,0],"15":[0,0],"16":[0,0],"17":[0,0]}}
,"C:\\Users\\user\\Desktop\\WanderDrop\\WanderDrop\\screens\\ProfileScreen.jsx": {"path":"C:\\Users\\user\\Desktop\\WanderDrop\\WanderDrop\\screens\\ProfileScreen.jsx","statementMap":{"0":{"start":{"line":13,"column":28},"end":{"line":13,"column":51}},"1":{"start":{"line":15,"column":4},"end":{"line":15,"column":48}},"2":{"start":{"line":15,"column":17},"end":{"line":15,"column":48}},"3":{"start":{"line":17,"column":4},"end":{"line":36,"column":5}},"4":{"start":{"line":24,"column":24},"end":{"line":24,"column":58}},"5":{"start":{"line":25,"column":24},"end":{"line":30,"column":35}},"6":{"start":{"line":26,"column":49},"end":{"line":26,"column":100}},"7":{"start":{"line":28,"column":36},"end":{"line":28,"column":62}},"8":{"start":{"line":29,"column":36},"end":{"line":29,"column":55}},"9":{"start":{"line":39,"column":15},"end":{"line":44,"column":2}}},"fnMap":{"0":{"name":"ProfileScreen","decl":{"start":{"line":12,"column":24},"end":{"line":12,"column":37}},"loc":{"start":{"line":12,"column":40},"end":{"line":37,"column":1}},"line":12},"1":{"name":"(anonymous_1)","decl":{"start":{"line":23,"column":29},"end":{"line":23,"column":30}},"loc":{"start":{"line":23,"column":44},"end":{"line":31,"column":21}},"line":23},"2":{"name":"(anonymous_2)","decl":{"start":{"line":26,"column":34},"end":{"line":26,"column":35}},"loc":{"start":{"line":26,"column":47},"end":{"line":26,"column":102}},"line":26},"3":{"name":"(anonymous_3)","decl":{"start":{"line":27,"column":39},"end":{"line":27,"column":40}},"loc":{"start":{"line":27,"column":46},"end":{"line":30,"column":33}},"line":27}},"branchMap":{"0":{"loc":{"start":{"line":15,"column":4},"end":{"line":15,"column":48}},"type":"if","locations":[{"start":{"line":15,"column":4},"end":{"line":15,"column":48}},{"start":{},"end":{}}],"line":15},"1":{"loc":{"start":{"line":19,"column":13},"end":{"line":34,"column":13}},"type":"cond-expr","locations":[{"start":{"line":20,"column":16},"end":{"line":20,"column":30}},{"start":{"line":22,"column":16},"end":{"line":33,"column":18}}],"line":19}},"s":{"0":0,"1":0,"2":0,"3":0,"4":0,"5":0,"6":0,"7":0,"8":0,"9":0},"f":{"0":0,"1":0,"2":0,"3":0},"b":{"0":[0,0],"1":[0,0]}}
,"C:\\Users\\user\\Desktop\\WanderDrop\\WanderDrop\\screens\\SavedScreen.jsx": {"path":"C:\\Users\\user\\Desktop\\WanderDrop\\WanderDrop\\screens\\SavedScreen.jsx","statementMap":{"0":{"start":{"line":11,"column":19},"end":{"line":11,"column":42}},"1":{"start":{"line":13,"column":36},"end":{"line":13,"column":50}},"2":{"start":{"line":14,"column":42},"end":{"line":14,"column":54}},"3":{"start":{"line":15,"column":34},"end":{"line":15,"column":48}},"4":{"start":{"line":17,"column":4},"end":{"line":46,"column":20}},"5":{"start":{"line":18,"column":26},"end":{"line":32,"column":9}},"6":{"start":{"line":19,"column":12},"end":{"line":31,"column":13}},"7":{"start":{"line":20,"column":33},"end":{"line":20,"column":56}},"8":{"start":{"line":21,"column":16},"end":{"line":26,"column":17}},"9":{"start":{"line":22,"column":35},"end":{"line":22,"column":71}},"10":{"start":{"line":23,"column":20},"end":{"line":23,"column":43}},"11":{"start":{"line":25,"column":20},"end":{"line":25,"column":39}},"12":{"start":{"line":28,"column":16},"end":{"line":28,"column":65}},"13":{"start":{"line":30,"column":16},"end":{"line":30,"column":34}},"14":{"start":{"line":34,"column":8},"end":{"line":36,"column":9}},"15":{"start":{"line":35,"column":12},"end":{"line":35,"column":24}},"16":{"start":{"line":38,"column":30},"end":{"line":41,"column":10}},"17":{"start":{"line":39,"column":12},"end":{"line":39,"column":88}},"18":{"start":{"line":40,"column":12},"end":{"line":40,"column":30}},"19":{"start":{"line":43,"column":8},"end":{"line":45,"column":10}},"20":{"start":{"line":44,"column":12},"end":{"line":44,"column":61}},"21":{"start":{"line":48,"column":4},"end":{"line":54,"column":5}},"22":{"start":{"line":49,"column":8},"end":{"line":53,"column":10}},"23":{"start":{"line":56,"column":4},"end":{"line":56,"column":29}},"24":{"start":{"line":58,"column":4},"end":{"line":84,"column":5}},"25":{"start":{"line":70,"column":24},"end":{"line":70,"column":70}},"26":{"start":{"line":87,"column":15},"end":{"line":109,"column":2}}},"fnMap":{"0":{"name":"SavedScreen","decl":{"start":{"line":10,"column":24},"end":{"line":10,"column":35}},"loc":{"start":{"line":10,"column":38},"end":{"line":85,"column":1}},"line":10},"1":{"name":"(anonymous_1)","decl":{"start":{"line":17,"column":14},"end":{"line":17,"column":15}},"loc":{"start":{"line":17,"column":20},"end":{"line":46,"column":5}},"line":17},"2":{"name":"(anonymous_2)","decl":{"start":{"line":18,"column":26},"end":{"line":18,"column":27}},"loc":{"start":{"line":18,"column":38},"end":{"line":32,"column":9}},"line":18},"3":{"name":"(anonymous_3)","decl":{"start":{"line":38,"column":78},"end":{"line":38,"column":79}},"loc":{"start":{"line":38,"column":90},"end":{"line":41,"column":9}},"line":38},"4":{"name":"(anonymous_4)","decl":{"start":{"line":43,"column":15},"end":{"line":43,"column":16}},"loc":{"start":{"line":43,"column":21},"end":{"line":45,"column":9}},"line":43},"5":{"name":"(anonymous_5)","decl":{"start":{"line":69,"column":37},"end":{"line":69,"column":38}},"loc":{"start":{"line":70,"column":24},"end":{"line":70,"column":70}},"line":70}},"branchMap":{"0":{"loc":{"start":{"line":21,"column":16},"end":{"line":26,"column":17}},"type":"if","locations":[{"start":{"line":21,"column":16},"end":{"line":26,"column":17}},{"start":{"line":24,"column":23},"end":{"line":26,"column":17}}],"line":21},"1":{"loc":{"start":{"line":34,"column":8},"end":{"line":36,"column":9}},"type":"if","locations":[{"start":{"line":34,"column":8},"end":{"line":36,"column":9}},{"start":{},"end":{}}],"line":34},"2":{"loc":{"start":{"line":48,"column":4},"end":{"line":54,"column":5}},"type":"if","locations":[{"start":{"line":48,"column":4},"end":{"line":54,"column":5}},{"start":{},"end":{}}],"line":48},"3":{"loc":{"start":{"line":48,"column":8},"end":{"line":48,"column":23}},"type":"binary-expr","locations":[{"start":{"line":48,"column":8},"end":{"line":48,"column":15}},{"start":{"line":48,"column":19},"end":{"line":48,"column":23}}],"line":48},"4":{"loc":{"start":{"line":60,"column":14},"end":{"line":81,"column":13}},"type":"cond-expr","locations":[{"start":{"line":61,"column":12},"end":{"line":73,"column":19}},{"start":{"line":76,"column":16},"end":{"line":80,"column":23}}],"line":60}},"s":{"0":0,"1":0,"2":0,"3":0,"4":0,"5":0,"6":0,"7":0,"8":0,"9":0,"10":0,"11":0,"12":0,"13":0,"14":0,"15":0,"16":0,"17":0,"18":0,"19":0,"20":0,"21":0,"22":0,"23":0,"24":0,"25":0,"26":0},"f":{"0":0,"1":0,"2":0,"3":0,"4":0,"5":0},"b":{"0":[0,0],"1":[0,0],"2":[0,0],"3":[0,0],"4":[0,0]}}
,"C:\\Users\\user\\Desktop\\WanderDrop\\WanderDrop\\screens\\SettingsScreen.jsx": {"path":"C:\\Users\\user\\Desktop\\WanderDrop\\WanderDrop\\screens\\SettingsScreen.jsx","statementMap":{"0":{"start":{"line":10,"column":19},"end":{"line":10,"column":42}},"1":{"start":{"line":11,"column":23},"end":{"line":11,"column":38}},"2":{"start":{"line":13,"column":4},"end":{"line":27,"column":6}},"3":{"start":{"line":21,"column":24},"end":{"line":21,"column":33}},"4":{"start":{"line":22,"column":24},"end":{"line":22,"column":44}},"5":{"start":{"line":30,"column":15},"end":{"line":43,"column":2}}},"fnMap":{"0":{"name":"Settings","decl":{"start":{"line":9,"column":24},"end":{"line":9,"column":32}},"loc":{"start":{"line":9,"column":35},"end":{"line":28,"column":1}},"line":9},"1":{"name":"(anonymous_1)","decl":{"start":{"line":20,"column":29},"end":{"line":20,"column":30}},"loc":{"start":{"line":20,"column":33},"end":{"line":23,"column":21}},"line":20}},"branchMap":{},"s":{"0":0,"1":0,"2":0,"3":0,"4":0,"5":0},"f":{"0":0,"1":0},"b":{}}
}
