TN:
SF:App.js
FN:7,App
FNF:1
FNH:0
FNDA:0,App
DA:8,0
LF:1
LH:0
BRF:0
BRH:0
end_of_record
TN:
SF:eventEmitter.js
FNF:0
FNH:0
DA:4,0
LF:1
LH:0
BRF:0
BRH:0
end_of_record
TN:
SF:index.js
FNF:0
FNH:0
DA:9,0
LF:1
LH:0
BRF:0
BRH:0
end_of_record
TN:
SF:jest.config.js
FNF:0
FNH:0
DA:2,0
LF:1
LH:0
BRF:0
BRH:0
end_of_record
TN:
SF:WIP\WIP.jsx
FN:3,WIP
FNF:1
FNH:0
FNDA:0,WIP
DA:4,0
DA:11,0
LF:2
LH:0
BRF:0
BRH:0
end_of_record
TN:
SF:components\AddPlace.jsx
FN:9,AddPlace
FN:17,(anonymous_1)
FN:38,(anonymous_2)
FN:71,(anonymous_3)
FN:77,(anonymous_4)
FN:81,(anonymous_5)
FN:106,(anonymous_6)
FN:112,(anonymous_7)
FNF:8
FNH:0
FNDA:0,AddPlace
FNDA:0,(anonymous_1)
FNDA:0,(anonymous_2)
FNDA:0,(anonymous_3)
FNDA:0,(anonymous_4)
FNDA:0,(anonymous_5)
FNDA:0,(anonymous_6)
FNDA:0,(anonymous_7)
DA:10,0
DA:11,0
DA:12,0
DA:13,0
DA:14,0
DA:15,0
DA:17,0
DA:18,0
DA:19,0
DA:20,0
DA:23,0
DA:24,0
DA:25,0
DA:28,0
DA:30,0
DA:31,0
DA:34,0
DA:35,0
DA:38,0
DA:48,0
DA:50,0
DA:51,0
DA:53,0
DA:55,0
DA:59,0
DA:60,0
DA:64,0
DA:66,0
DA:67,0
DA:71,0
DA:72,0
DA:73,0
DA:74,0
DA:77,0
DA:78,0
DA:81,0
DA:82,0
DA:83,0
DA:86,0
DA:107,0
DA:112,0
DA:147,0
LF:42
LH:0
BRDA:18,0,0,0
BRDA:18,0,1,0
BRDA:23,1,0,0
BRDA:23,1,1,0
BRDA:34,2,0,0
BRDA:34,2,1,0
BRDA:51,3,0,0
BRDA:51,3,1,0
BRDA:134,4,0,0
BRDA:134,4,1,0
BRF:10
BRH:0
end_of_record
TN:
SF:components\AddReviewModal.jsx
FN:6,AddReviewModal
FN:10,(anonymous_1)
FNF:2
FNH:0
FNDA:0,AddReviewModal
FNDA:0,(anonymous_1)
DA:7,0
DA:8,0
DA:10,0
DA:11,0
DA:13,0
DA:20,0
DA:21,0
DA:22,0
DA:23,0
DA:24,0
DA:25,0
DA:26,0
DA:28,0
DA:32,0
DA:65,0
LF:15
LH:0
BRDA:11,0,0,0
BRDA:11,0,1,0
BRDA:11,1,0,0
BRDA:11,1,1,0
BRDA:26,2,0,0
BRDA:26,2,1,0
BRF:6
BRH:0
end_of_record
TN:
SF:components\BottomSheetMarkerAbout.jsx
FN:9,BottomSheetMarkerAbout
FN:18,(anonymous_1)
FN:22,(anonymous_2)
FN:27,(anonymous_3)
FN:28,(anonymous_4)
FN:41,(anonymous_5)
FN:58,(anonymous_6)
FN:62,(anonymous_7)
FN:97,(anonymous_8)
FN:117,(anonymous_9)
FN:118,(anonymous_10)
FNF:11
FNH:0
FNDA:0,BottomSheetMarkerAbout
FNDA:0,(anonymous_1)
FNDA:0,(anonymous_2)
FNDA:0,(anonymous_3)
FNDA:0,(anonymous_4)
FNDA:0,(anonymous_5)
FNDA:0,(anonymous_6)
FNDA:0,(anonymous_7)
FNDA:0,(anonymous_8)
FNDA:0,(anonymous_9)
FNDA:0,(anonymous_10)
DA:10,0
DA:11,0
DA:12,0
DA:13,0
DA:15,0
DA:16,0
DA:18,0
DA:19,0
DA:20,0
DA:22,0
DA:23,0
DA:24,0
DA:27,0
DA:28,0
DA:29,0
DA:30,0
DA:31,0
DA:32,0
DA:35,0
DA:36,0
DA:37,0
DA:41,0
DA:42,0
DA:43,0
DA:44,0
DA:45,0
DA:47,0
DA:52,0
DA:53,0
DA:54,0
DA:58,0
DA:59,0
DA:62,0
DA:63,0
DA:64,0
DA:68,0
DA:97,0
DA:118,0
DA:153,0
DA:195,0
DA:210,0
LF:41
LH:0
BRDA:30,0,0,0
BRDA:30,0,1,0
BRDA:42,1,0,0
BRDA:42,1,1,0
BRDA:42,2,0,0
BRDA:42,2,1,0
BRDA:63,3,0,0
BRDA:63,3,1,0
BRDA:74,4,0,0
BRDA:74,4,1,0
BRDA:82,5,0,0
BRDA:82,5,1,0
BRDA:82,6,0,0
BRDA:82,6,1,0
BRDA:113,7,0,0
BRDA:113,7,1,0
BRDA:113,7,2,0
BRDA:131,8,0,0
BRDA:131,8,1,0
BRF:19
BRH:0
end_of_record
TN:
SF:components\BottomSheetMarkerInfo.jsx
FN:5,BottomSheetMarkerInfo
FNF:1
FNH:0
FNDA:0,BottomSheetMarkerInfo
DA:6,0
DA:8,0
DA:15,0
LF:3
LH:0
BRDA:6,0,0,0
BRDA:6,0,1,0
BRF:2
BRH:0
end_of_record
TN:
SF:components\BottomSheetMarkerReviews.jsx
FN:8,BottomSheetMarkerReviews
FN:12,(anonymous_1)
FN:13,(anonymous_2)
FN:40,(anonymous_3)
FNF:4
FNH:0
FNDA:0,BottomSheetMarkerReviews
FNDA:0,(anonymous_1)
FNDA:0,(anonymous_2)
FNDA:0,(anonymous_3)
DA:9,0
DA:10,0
DA:12,0
DA:13,0
DA:14,0
DA:15,0
DA:16,0
DA:17,0
DA:19,0
DA:20,0
DA:24,0
DA:25,0
DA:30,0
DA:31,0
DA:38,0
DA:41,0
DA:49,0
LF:17
LH:0
BRDA:24,0,0,0
BRDA:24,0,1,0
BRDA:30,1,0,0
BRDA:30,1,1,0
BRF:4
BRH:0
end_of_record
TN:
SF:components\Contribute.jsx
FN:8,Contribute
FN:15,(anonymous_1)
FN:16,(anonymous_2)
FN:29,(anonymous_3)
FN:47,(anonymous_4)
FN:51,(anonymous_5)
FN:58,(anonymous_6)
FN:74,(anonymous_7)
FNF:8
FNH:0
FNDA:0,Contribute
FNDA:0,(anonymous_1)
FNDA:0,(anonymous_2)
FNDA:0,(anonymous_3)
FNDA:0,(anonymous_4)
FNDA:0,(anonymous_5)
FNDA:0,(anonymous_6)
FNDA:0,(anonymous_7)
DA:9,0
DA:10,0
DA:11,0
DA:13,0
DA:15,0
DA:16,0
DA:17,0
DA:18,0
DA:19,0
DA:20,0
DA:23,0
DA:24,0
DA:25,0
DA:29,0
DA:30,0
DA:31,0
DA:32,0
DA:33,0
DA:35,0
DA:40,0
DA:41,0
DA:42,0
DA:47,0
DA:48,0
DA:51,0
DA:52,0
DA:53,0
DA:57,0
DA:58,0
DA:82,0
LF:30
LH:0
BRDA:18,0,0,0
BRDA:18,0,1,0
BRDA:30,1,0,0
BRDA:30,1,1,0
BRDA:30,2,0,0
BRDA:30,2,1,0
BRDA:52,3,0,0
BRDA:52,3,1,0
BRF:8
BRH:0
end_of_record
TN:
SF:components\Contributes.jsx
FN:8,Contributes
FN:12,(anonymous_1)
FN:15,(anonymous_2)
FN:37,(anonymous_3)
FNF:4
FNH:0
FNDA:0,Contributes
FNDA:0,(anonymous_1)
FNDA:0,(anonymous_2)
FNDA:0,(anonymous_3)
DA:9,0
DA:10,0
DA:12,0
DA:13,0
DA:15,0
DA:16,0
DA:17,0
DA:18,0
DA:21,0
DA:22,0
DA:27,0
DA:28,0
DA:35,0
DA:38,0
DA:44,0
LF:15
LH:0
BRDA:21,0,0,0
BRDA:21,0,1,0
BRDA:27,1,0,0
BRDA:27,1,1,0
BRF:4
BRH:0
end_of_record
TN:
SF:components\FoundPlace.jsx
FN:6,FoundPlace
FN:11,(anonymous_1)
FN:12,(anonymous_2)
FN:29,(anonymous_3)
FN:35,(anonymous_4)
FN:52,(anonymous_5)
FN:57,(anonymous_6)
FNF:7
FNH:0
FNDA:0,FoundPlace
FNDA:0,(anonymous_1)
FNDA:0,(anonymous_2)
FNDA:0,(anonymous_3)
FNDA:0,(anonymous_4)
FNDA:0,(anonymous_5)
FNDA:0,(anonymous_6)
DA:7,0
DA:8,0
DA:9,0
DA:11,0
DA:12,0
DA:13,0
DA:14,0
DA:15,0
DA:16,0
DA:19,0
DA:20,0
DA:21,0
DA:25,0
DA:26,0
DA:29,0
DA:30,0
DA:31,0
DA:35,0
DA:36,0
DA:37,0
DA:38,0
DA:39,0
DA:41,0
DA:46,0
DA:47,0
DA:48,0
DA:52,0
DA:53,0
DA:56,0
DA:57,0
DA:83,0
LF:31
LH:0
BRDA:14,0,0,0
BRDA:14,0,1,0
BRDA:25,1,0,0
BRDA:25,1,1,0
BRDA:25,2,0,0
BRDA:25,2,1,0
BRDA:30,3,0,0
BRDA:30,3,1,0
BRDA:36,4,0,0
BRDA:36,4,1,0
BRDA:36,5,0,0
BRDA:36,5,1,0
BRF:12
BRH:0
end_of_record
TN:
SF:components\LocationPicker.jsx
FN:5,LocationPicker
FN:8,(anonymous_1)
FN:13,(anonymous_2)
FNF:3
FNH:0
FNDA:0,LocationPicker
FNDA:0,(anonymous_1)
FNDA:0,(anonymous_2)
DA:6,0
DA:8,0
DA:9,0
DA:10,0
DA:13,0
DA:14,0
DA:15,0
DA:22,0
DA:46,0
LF:9
LH:0
BRDA:14,0,0,0
BRDA:14,0,1,0
BRDA:34,1,0,0
BRDA:34,1,1,0
BRF:4
BRH:0
end_of_record
TN:
SF:components\LoginRegister.jsx
FN:6,LoginRegister
FN:13,(anonymous_1)
FN:80,(anonymous_2)
FNF:3
FNH:0
FNDA:0,LoginRegister
FNDA:0,(anonymous_1)
FNDA:0,(anonymous_2)
DA:7,0
DA:8,0
DA:9,0
DA:10,0
DA:11,0
DA:13,0
DA:14,0
DA:15,0
DA:17,0
DA:18,0
DA:19,0
DA:22,0
DA:23,0
DA:24,0
DA:26,0
DA:31,0
DA:80,0
DA:98,0
LF:18
LH:0
BRDA:14,0,0,0
BRDA:14,0,1,0
BRDA:17,1,0,0
BRDA:17,1,1,0
BRDA:22,2,0,0
BRDA:22,2,1,0
BRDA:33,3,0,0
BRDA:33,3,1,0
BRDA:44,4,0,0
BRDA:44,4,1,0
BRDA:65,5,0,0
BRDA:65,5,1,0
BRDA:77,6,0,0
BRDA:77,6,1,0
BRDA:82,7,0,0
BRDA:82,7,1,0
BRF:16
BRH:0
end_of_record
TN:
SF:components\OpenMapButton.jsx
FN:6,(anonymous_0)
FN:8,(anonymous_1)
FN:12,OpenMapButton
FN:21,(anonymous_3)
FNF:4
FNH:0
FNDA:0,(anonymous_0)
FNDA:0,(anonymous_1)
FNDA:0,OpenMapButton
FNDA:0,(anonymous_3)
DA:6,0
DA:7,0
DA:8,0
DA:13,0
DA:15,0
DA:21,0
DA:31,0
LF:7
LH:0
BRDA:13,0,0,0
BRDA:13,0,1,0
BRDA:17,1,0,0
BRDA:17,1,1,0
BRF:4
BRH:0
end_of_record
TN:
SF:components\Review.jsx
FN:7,Review
FN:12,(anonymous_1)
FN:13,(anonymous_2)
FN:70,(anonymous_3)
FNF:4
FNH:0
FNDA:0,Review
FNDA:0,(anonymous_1)
FNDA:0,(anonymous_2)
FNDA:0,(anonymous_3)
DA:9,0
DA:10,0
DA:12,0
DA:13,0
DA:14,0
DA:15,0
DA:17,0
DA:18,0
DA:19,0
DA:21,0
DA:22,0
DA:26,0
DA:27,0
DA:31,0
DA:32,0
DA:39,0
DA:40,0
DA:42,0
DA:44,0
DA:90,0
LF:20
LH:0
BRDA:26,0,0,0
BRDA:26,0,1,0
BRDA:31,1,0,0
BRDA:31,1,1,0
BRF:4
BRH:0
end_of_record
TN:
SF:components\Saved.jsx
FN:8,Saved
FN:15,(anonymous_1)
FN:16,(anonymous_2)
FN:31,(anonymous_3)
FN:35,(anonymous_4)
FN:53,(anonymous_5)
FN:57,(anonymous_6)
FN:64,(anonymous_7)
FN:80,(anonymous_8)
FNF:9
FNH:0
FNDA:0,Saved
FNDA:0,(anonymous_1)
FNDA:0,(anonymous_2)
FNDA:0,(anonymous_3)
FNDA:0,(anonymous_4)
FNDA:0,(anonymous_5)
FNDA:0,(anonymous_6)
FNDA:0,(anonymous_7)
FNDA:0,(anonymous_8)
DA:9,0
DA:10,0
DA:11,0
DA:13,0
DA:15,0
DA:16,0
DA:17,0
DA:18,0
DA:19,0
DA:20,0
DA:25,0
DA:26,0
DA:27,0
DA:31,0
DA:35,0
DA:36,0
DA:37,0
DA:38,0
DA:39,0
DA:41,0
DA:46,0
DA:47,0
DA:48,0
DA:53,0
DA:54,0
DA:57,0
DA:58,0
DA:59,0
DA:63,0
DA:64,0
DA:88,0
LF:31
LH:0
BRDA:18,0,0,0
BRDA:18,0,1,0
BRDA:36,1,0,0
BRDA:36,1,1,0
BRDA:36,2,0,0
BRDA:36,2,1,0
BRDA:58,3,0,0
BRDA:58,3,1,0
BRF:8
BRH:0
end_of_record
TN:
SF:components\UserProfile.jsx
FN:12,UserProfile
FN:19,(anonymous_1)
FN:20,(anonymous_2)
FN:38,(anonymous_3)
FN:44,(anonymous_4)
FN:65,(anonymous_5)
FN:79,(anonymous_6)
FNF:7
FNH:0
FNDA:0,UserProfile
FNDA:0,(anonymous_1)
FNDA:0,(anonymous_2)
FNDA:0,(anonymous_3)
FNDA:0,(anonymous_4)
FNDA:0,(anonymous_5)
FNDA:0,(anonymous_6)
DA:13,0
DA:14,0
DA:15,0
DA:17,0
DA:19,0
DA:20,0
DA:21,0
DA:22,0
DA:23,0
DA:24,0
DA:25,0
DA:26,0
DA:29,0
DA:31,0
DA:36,0
DA:38,0
DA:39,0
DA:41,0
DA:44,0
DA:45,0
DA:50,0
DA:51,0
DA:58,0
DA:65,0
DA:79,0
DA:109,0
LF:26
LH:0
BRDA:21,0,0,0
BRDA:21,0,1,0
BRDA:25,1,0,0
BRDA:25,1,1,0
BRDA:50,2,0,0
BRDA:50,2,1,0
BRF:6
BRH:0
end_of_record
TN:
SF:components\UserVisits.jsx
FN:5,UserVisits
FN:9,(anonymous_1)
FNF:2
FNH:0
FNDA:0,UserVisits
FNDA:0,(anonymous_1)
DA:7,0
DA:9,0
DA:22,0
LF:3
LH:0
BRDA:9,0,0,0
BRDA:9,0,1,0
BRF:2
BRH:0
end_of_record
TN:
SF:context\AuthContext.js
FN:8,(anonymous_0)
FN:12,(anonymous_1)
FN:13,(anonymous_2)
FN:18,(anonymous_3)
FN:28,(anonymous_4)
FNF:5
FNH:0
FNDA:0,(anonymous_0)
FNDA:0,(anonymous_1)
FNDA:0,(anonymous_2)
FNDA:0,(anonymous_3)
FNDA:0,(anonymous_4)
DA:6,0
DA:8,0
DA:9,0
DA:10,0
DA:12,0
DA:13,0
DA:14,0
DA:15,0
DA:18,0
DA:21,0
DA:28,0
DA:29,0
DA:30,0
DA:32,0
LF:14
LH:0
BRF:0
BRH:0
end_of_record
TN:
SF:firebase\firebase.js
FN:21,(anonymous_0)
FN:26,(anonymous_1)
FN:38,(anonymous_2)
FN:42,(anonymous_3)
FN:53,(anonymous_4)
FN:73,(anonymous_5)
FN:96,(anonymous_6)
FN:128,(anonymous_7)
FN:135,(anonymous_8)
FN:141,(anonymous_9)
FN:154,(anonymous_10)
FNF:11
FNH:0
FNDA:0,(anonymous_0)
FNDA:0,(anonymous_1)
FNDA:0,(anonymous_2)
FNDA:0,(anonymous_3)
FNDA:0,(anonymous_4)
FNDA:0,(anonymous_5)
FNDA:0,(anonymous_6)
FNDA:0,(anonymous_7)
FNDA:0,(anonymous_8)
FNDA:0,(anonymous_9)
FNDA:0,(anonymous_10)
DA:7,0
DA:17,0
DA:18,0
DA:19,0
DA:21,0
DA:22,0
DA:23,0
DA:24,0
DA:26,0
DA:31,0
DA:33,0
DA:34,0
DA:38,0
DA:39,0
DA:40,0
DA:41,0
DA:42,0
DA:46,0
DA:48,0
DA:49,0
DA:53,0
DA:54,0
DA:55,0
DA:56,0
DA:57,0
DA:58,0
DA:63,0
DA:64,0
DA:68,0
DA:69,0
DA:73,0
DA:74,0
DA:76,0
DA:78,0
DA:79,0
DA:80,0
DA:82,0
DA:83,0
DA:88,0
DA:91,0
DA:92,0
DA:96,0
DA:97,0
DA:98,0
DA:99,0
DA:101,0
DA:102,0
DA:103,0
DA:104,0
DA:105,0
DA:106,0
DA:108,0
DA:121,0
DA:123,0
DA:124,0
DA:128,0
DA:129,0
DA:130,0
DA:132,0
DA:133,0
DA:134,0
DA:135,0
DA:141,0
DA:142,0
DA:143,0
DA:147,0
DA:150,0
DA:154,0
DA:155,0
DA:156,0
DA:157,0
DA:159,0
DA:160,0
DA:164,0
DA:166,0
DA:168,0
DA:172,0
DA:175,0
DA:176,0
DA:178,0
DA:179,0
LF:81
LH:0
BRDA:57,0,0,0
BRDA:57,0,1,0
BRDA:82,1,0,0
BRDA:82,1,1,0
BRDA:129,2,0,0
BRDA:129,2,1,0
BRDA:142,3,0,0
BRDA:142,3,1,0
BRDA:159,4,0,0
BRDA:159,4,1,0
BRF:10
BRH:0
end_of_record
TN:
SF:navigation\ContributeStack.jsx
FN:9,ContributeStack
FNF:1
FNH:0
FNDA:0,ContributeStack
DA:7,0
DA:10,0
LF:2
LH:0
BRF:0
BRH:0
end_of_record
TN:
SF:navigation\ExploreStack.jsx
FN:10,ExploreStack
FNF:1
FNH:0
FNDA:0,ExploreStack
DA:8,0
DA:11,0
LF:2
LH:0
BRF:0
BRH:0
end_of_record
TN:
SF:navigation\GoStack.jsx
FN:8,GoStack
FNF:1
FNH:0
FNDA:0,GoStack
DA:6,0
DA:9,0
LF:2
LH:0
BRF:0
BRH:0
end_of_record
TN:
SF:navigation\MarkerTabs.jsx
FN:11,MarkerTabs
FN:19,(anonymous_1)
FN:26,(anonymous_2)
FNF:3
FNH:0
FNDA:0,MarkerTabs
FNDA:0,(anonymous_1)
FNDA:0,(anonymous_2)
DA:9,0
DA:12,0
DA:14,0
DA:19,0
DA:26,0
DA:40,0
LF:6
LH:0
BRDA:18,0,0,0
BRDA:18,0,1,0
BRDA:25,1,0,0
BRDA:25,1,1,0
BRDA:32,2,0,0
BRDA:32,2,1,0
BRF:6
BRH:0
end_of_record
TN:
SF:navigation\ProfileStack.jsx
FN:10,ProfileStack
FNF:1
FNH:0
FNDA:0,ProfileStack
DA:8,0
DA:11,0
LF:2
LH:0
BRF:0
BRH:0
end_of_record
TN:
SF:navigation\ProfileTabs.jsx
FN:9,ProfileTabs
FN:17,(anonymous_1)
FN:24,(anonymous_2)
FNF:3
FNH:0
FNDA:0,ProfileTabs
FNDA:0,(anonymous_1)
FNDA:0,(anonymous_2)
DA:7,0
DA:10,0
DA:12,0
DA:17,0
DA:24,0
DA:38,0
LF:6
LH:0
BRDA:16,0,0,0
BRDA:16,0,1,0
BRDA:23,1,0,0
BRDA:23,1,1,0
BRDA:30,2,0,0
BRDA:30,2,1,0
BRF:6
BRH:0
end_of_record
TN:
SF:navigation\SavedStack.jsx
FN:10,SavedStack
FNF:1
FNH:0
FNDA:0,SavedStack
DA:8,0
DA:11,0
LF:2
LH:0
BRF:0
BRH:0
end_of_record
TN:
SF:navigation\Tabs.jsx
FN:20,Tabs
FN:24,(anonymous_1)
FN:32,(anonymous_2)
FNF:3
FNH:0
FNDA:0,Tabs
FNDA:0,(anonymous_1)
FNDA:0,(anonymous_2)
DA:18,0
DA:21,0
DA:24,0
DA:36,0
DA:38,0
DA:39,0
DA:40,0
DA:42,0
DA:43,0
DA:44,0
DA:46,0
DA:47,0
DA:48,0
DA:50,0
DA:51,0
DA:52,0
DA:54,0
DA:55,0
DA:56,0
DA:58,0
DA:61,0
LF:21
LH:0
BRDA:36,0,0,0
BRDA:36,0,1,0
BRDA:36,0,2,0
BRDA:36,0,3,0
BRDA:36,0,4,0
BRDA:36,0,5,0
BRDA:68,1,0,0
BRDA:68,1,1,0
BRF:8
BRH:0
end_of_record
TN:
SF:screens\ContributeScreen.jsx
FN:9,ContributeScreen
FN:15,(anonymous_1)
FN:16,(anonymous_2)
FN:35,(anonymous_3)
FN:41,(anonymous_4)
FN:98,(anonymous_5)
FNF:6
FNH:0
FNDA:0,ContributeScreen
FNDA:0,(anonymous_1)
FNDA:0,(anonymous_2)
FNDA:0,(anonymous_3)
FNDA:0,(anonymous_4)
FNDA:0,(anonymous_5)
DA:10,0
DA:11,0
DA:12,0
DA:15,0
DA:16,0
DA:17,0
DA:18,0
DA:19,0
DA:20,0
DA:23,0
DA:24,0
DA:25,0
DA:28,0
DA:29,0
DA:33,0
DA:35,0
DA:36,0
DA:38,0
DA:41,0
DA:42,0
DA:46,0
DA:47,0
DA:54,0
DA:55,0
DA:57,0
DA:60,0
DA:62,0
DA:98,0
DA:106,0
LF:29
LH:0
BRDA:18,0,0,0
BRDA:18,0,1,0
BRDA:46,1,0,0
BRDA:46,1,1,0
BRDA:57,2,0,0
BRDA:57,2,1,0
BRDA:64,3,0,0
BRDA:64,3,1,0
BRDA:69,4,0,0
BRDA:69,4,1,0
BRDA:87,5,0,0
BRDA:87,5,1,0
BRF:12
BRH:0
end_of_record
TN:
SF:screens\ExploreScreen.jsx
FN:13,ExploreScreen
FN:21,(anonymous_1)
FN:23,(anonymous_2)
FN:26,(anonymous_3)
FN:31,(anonymous_4)
FN:35,(anonymous_5)
FN:36,(anonymous_6)
FN:51,(anonymous_7)
FN:60,(anonymous_8)
FN:65,(anonymous_9)
FN:96,(anonymous_10)
FN:101,(anonymous_11)
FNF:12
FNH:0
FNDA:0,ExploreScreen
FNDA:0,(anonymous_1)
FNDA:0,(anonymous_2)
FNDA:0,(anonymous_3)
FNDA:0,(anonymous_4)
FNDA:0,(anonymous_5)
FNDA:0,(anonymous_6)
FNDA:0,(anonymous_7)
FNDA:0,(anonymous_8)
FNDA:0,(anonymous_9)
FNDA:0,(anonymous_10)
FNDA:0,(anonymous_11)
DA:14,0
DA:15,0
DA:16,0
DA:17,0
DA:19,0
DA:20,0
DA:21,0
DA:23,0
DA:24,0
DA:25,0
DA:26,0
DA:27,0
DA:31,0
DA:32,0
DA:35,0
DA:36,0
DA:37,0
DA:38,0
DA:39,0
DA:40,0
DA:44,0
DA:45,0
DA:46,0
DA:47,0
DA:48,0
DA:51,0
DA:53,0
DA:55,0
DA:56,0
DA:57,0
DA:60,0
DA:61,0
DA:65,0
DA:66,0
DA:76,0
DA:77,0
DA:84,0
DA:97,0
DA:101,0
DA:139,0
LF:40
LH:0
BRDA:38,0,0,0
BRDA:38,0,1,0
BRDA:67,1,0,0
BRDA:67,1,1,0
BRDA:70,2,0,0
BRDA:70,2,1,0
BRDA:76,3,0,0
BRDA:76,3,1,0
BRDA:76,4,0,0
BRDA:76,4,1,0
BRDA:102,5,0,0
BRDA:102,5,1,0
BRDA:122,6,0,0
BRDA:122,6,1,0
BRF:14
BRH:0
end_of_record
TN:
SF:screens\GoScreen.jsx
FN:11,GoScreen
FN:16,(anonymous_1)
FN:17,(anonymous_2)
FN:24,(anonymous_3)
FN:30,(anonymous_4)
FN:35,(anonymous_5)
FN:37,(anonymous_6)
FN:56,(anonymous_7)
FN:70,(anonymous_8)
FN:71,(anonymous_9)
FNF:10
FNH:0
FNDA:0,GoScreen
FNDA:0,(anonymous_1)
FNDA:0,(anonymous_2)
FNDA:0,(anonymous_3)
FNDA:0,(anonymous_4)
FNDA:0,(anonymous_5)
FNDA:0,(anonymous_6)
FNDA:0,(anonymous_7)
FNDA:0,(anonymous_8)
FNDA:0,(anonymous_9)
DA:12,0
DA:13,0
DA:14,0
DA:16,0
DA:17,0
DA:18,0
DA:19,0
DA:22,0
DA:24,0
DA:25,0
DA:27,0
DA:30,0
DA:31,0
DA:35,0
DA:36,0
DA:37,0
DA:38,0
DA:41,0
DA:43,0
DA:47,0
DA:56,0
DA:70,0
DA:72,0
DA:90,0
LF:24
LH:0
BRDA:36,0,0,0
BRDA:36,0,1,0
BRDA:63,1,0,0
BRDA:63,1,1,0
BRF:4
BRH:0
end_of_record
TN:
SF:screens\PlaceDetailsScreen.jsx
FN:16,PlaceDetailsScreen
FN:31,(anonymous_1)
FN:35,(anonymous_2)
FN:44,(anonymous_3)
FN:75,(anonymous_4)
FN:78,(anonymous_5)
FN:83,(anonymous_6)
FN:89,(anonymous_7)
FN:106,(anonymous_8)
FN:110,(anonymous_9)
FN:135,(anonymous_10)
FN:155,(anonymous_11)
FN:212,(anonymous_12)
FN:213,(anonymous_13)
FN:253,(anonymous_14)
FN:271,(anonymous_15)
FN:286,(anonymous_16)
FNF:17
FNH:0
FNDA:0,PlaceDetailsScreen
FNDA:0,(anonymous_1)
FNDA:0,(anonymous_2)
FNDA:0,(anonymous_3)
FNDA:0,(anonymous_4)
FNDA:0,(anonymous_5)
FNDA:0,(anonymous_6)
FNDA:0,(anonymous_7)
FNDA:0,(anonymous_8)
FNDA:0,(anonymous_9)
FNDA:0,(anonymous_10)
FNDA:0,(anonymous_11)
FNDA:0,(anonymous_12)
FNDA:0,(anonymous_13)
FNDA:0,(anonymous_14)
FNDA:0,(anonymous_15)
FNDA:0,(anonymous_16)
DA:17,0
DA:18,0
DA:19,0
DA:21,0
DA:22,0
DA:23,0
DA:24,0
DA:25,0
DA:27,0
DA:28,0
DA:29,0
DA:31,0
DA:32,0
DA:33,0
DA:35,0
DA:36,0
DA:37,0
DA:40,0
DA:44,0
DA:45,0
DA:46,0
DA:47,0
DA:48,0
DA:49,0
DA:51,0
DA:54,0
DA:55,0
DA:56,0
DA:57,0
DA:58,0
DA:61,0
DA:64,0
DA:65,0
DA:66,0
DA:68,0
DA:70,0
DA:72,0
DA:75,0
DA:76,0
DA:78,0
DA:79,0
DA:80,0
DA:83,0
DA:84,0
DA:89,0
DA:90,0
DA:91,0
DA:92,0
DA:93,0
DA:95,0
DA:100,0
DA:101,0
DA:102,0
DA:106,0
DA:107,0
DA:110,0
DA:111,0
DA:112,0
DA:116,0
DA:117,0
DA:124,0
DA:125,0
DA:128,0
DA:135,0
DA:156,0
DA:157,0
DA:213,0
DA:254,0
DA:271,0
DA:286,0
DA:302,0
DA:315,0
DA:322,0
DA:364,0
DA:379,0
DA:415,0
LF:76
LH:0
BRDA:49,0,0,0
BRDA:49,0,1,0
BRDA:55,1,0,0
BRDA:55,1,1,0
BRDA:65,2,0,0
BRDA:65,2,1,0
BRDA:90,3,0,0
BRDA:90,3,1,0
BRDA:90,4,0,0
BRDA:90,4,1,0
BRDA:111,5,0,0
BRDA:111,5,1,0
BRDA:116,6,0,0
BRDA:116,6,1,0
BRDA:124,7,0,0
BRDA:124,7,1,0
BRDA:143,8,0,0
BRDA:143,8,1,0
BRDA:151,9,0,0
BRDA:151,9,1,0
BRDA:151,10,0,0
BRDA:151,10,1,0
BRDA:156,11,0,0
BRDA:156,11,1,0
BRDA:163,12,0,0
BRDA:163,12,1,0
BRDA:189,13,0,0
BRDA:189,13,1,0
BRDA:208,14,0,0
BRDA:208,14,1,0
BRDA:208,14,2,0
BRDA:227,15,0,0
BRDA:227,15,1,0
BRDA:251,16,0,0
BRDA:251,16,1,0
BRDA:268,17,0,0
BRDA:268,17,1,0
BRF:37
BRH:0
end_of_record
TN:
SF:screens\ProfileScreen.jsx
FN:12,ProfileScreen
FN:23,(anonymous_1)
FN:26,(anonymous_2)
FN:27,(anonymous_3)
FNF:4
FNH:0
FNDA:0,ProfileScreen
FNDA:0,(anonymous_1)
FNDA:0,(anonymous_2)
FNDA:0,(anonymous_3)
DA:13,0
DA:15,0
DA:17,0
DA:24,0
DA:25,0
DA:26,0
DA:28,0
DA:29,0
DA:39,0
LF:9
LH:0
BRDA:15,0,0,0
BRDA:15,0,1,0
BRDA:19,1,0,0
BRDA:19,1,1,0
BRF:4
BRH:0
end_of_record
TN:
SF:screens\SavedScreen.jsx
FN:10,SavedScreen
FN:17,(anonymous_1)
FN:18,(anonymous_2)
FN:38,(anonymous_3)
FN:43,(anonymous_4)
FN:69,(anonymous_5)
FNF:6
FNH:0
FNDA:0,SavedScreen
FNDA:0,(anonymous_1)
FNDA:0,(anonymous_2)
FNDA:0,(anonymous_3)
FNDA:0,(anonymous_4)
FNDA:0,(anonymous_5)
DA:11,0
DA:13,0
DA:14,0
DA:15,0
DA:17,0
DA:18,0
DA:19,0
DA:20,0
DA:21,0
DA:22,0
DA:23,0
DA:25,0
DA:28,0
DA:30,0
DA:34,0
DA:35,0
DA:38,0
DA:39,0
DA:40,0
DA:43,0
DA:44,0
DA:48,0
DA:49,0
DA:56,0
DA:58,0
DA:70,0
DA:87,0
LF:27
LH:0
BRDA:21,0,0,0
BRDA:21,0,1,0
BRDA:34,1,0,0
BRDA:34,1,1,0
BRDA:48,2,0,0
BRDA:48,2,1,0
BRDA:48,3,0,0
BRDA:48,3,1,0
BRDA:60,4,0,0
BRDA:60,4,1,0
BRF:10
BRH:0
end_of_record
TN:
SF:screens\SettingsScreen.jsx
FN:9,Settings
FN:20,(anonymous_1)
FNF:2
FNH:0
FNDA:0,Settings
FNDA:0,(anonymous_1)
DA:10,0
DA:11,0
DA:13,0
DA:21,0
DA:22,0
DA:30,0
LF:6
LH:0
BRF:0
BRH:0
end_of_record
